2018-02-27 10:25:30 [@lincham]
0 segundo for "Alteração de layout do banco de dados - glpi_infocoms" @ 2018-02-27 10:25:30 [@lincham]
0 segundo for "Alteração de layout do banco de dados - glpi_softwarelicensetypes" @ 2018-02-27 10:25:30 [@lincham]
0 segundo for "Adicionar de Knowbase item link to tickets para banco de dados" @ 2018-02-27 10:25:30 [@lincham]
0 segundo for "Adicionar de Knowbase item revisions para banco de dados" @ 2018-02-27 10:25:30 [@lincham]
0 segundo for "Alteração de layout do banco de dados - glpi_knowbaseitemtranslations" @ 2018-02-27 10:25:30 [@lincham]
0 segundo for "Adicionar de Knowbase item comments para banco de dados" @ 2018-02-27 10:25:30 [@lincham]
0 segundo for "Alteração de layout do banco de dados - glpi_taskcategories" @ 2018-02-27 10:25:30 [@lincham]
0 segundo for "Alteração de layout do banco de dados - glpi_documents_items" @ 2018-02-27 10:25:30 [@lincham]
0 segundo for "Alteração de layout do banco de dados - glpi_computermodels" @ 2018-02-27 10:25:30 [@lincham]
0 segundo for "Alteração de layout do banco de dados - glpi_printermodels" @ 2018-02-27 10:25:30 [@lincham]
0 segundo for "Alteração de layout do banco de dados - glpi_networkequipmentmodels" @ 2018-02-27 10:25:30 [@lincham]
0 segundo for "Alteração de layout do banco de dados - glpi_phonemodels" @ 2018-02-27 10:25:30 [@lincham]
0 segundo for "Alteração de layout do banco de dados - glpi_peripheralmodels" @ 2018-02-27 10:25:30 [@lincham]
0 segundo for "Alteração de layout do banco de dados - glpi_monitormodels" @ 2018-02-27 10:25:30 [@lincham]
0 segundo for "Alteração de layout do banco de dados - glpi_items_devicecases" @ 2018-02-27 10:25:30 [@lincham]
0 segundo for "Alteração de layout do banco de dados - glpi_items_devicecontrols" @ 2018-02-27 10:25:30 [@lincham]
0 segundo for "Alteração de layout do banco de dados - glpi_items_devicedrives" @ 2018-02-27 10:25:30 [@lincham]
0 segundo for "Alteração de layout do banco de dados - glpi_items_devicegraphiccards" @ 2018-02-27 10:25:30 [@lincham]
0 segundo for "Alteração de layout do banco de dados - glpi_items_deviceharddrives" @ 2018-02-27 10:25:30 [@lincham]
0 segundo for "Alteração de layout do banco de dados - glpi_items_devicememories" @ 2018-02-27 10:25:30 [@lincham]
0 segundo for "Alteração de layout do banco de dados - glpi_items_devicemotherboards" @ 2018-02-27 10:25:30 [@lincham]
0 segundo for "Alteração de layout do banco de dados - glpi_items_devicenetworkcards" @ 2018-02-27 10:25:30 [@lincham]
0 segundo for "Alteração de layout do banco de dados - glpi_items_devicepcis" @ 2018-02-27 10:25:30 [@lincham]
0 segundo for "Alteração de layout do banco de dados - glpi_items_devicepowersupplies" @ 2018-02-27 10:25:30 [@lincham]
0 segundo for "Alteração de layout do banco de dados - glpi_items_deviceprocessors" @ 2018-02-27 10:25:30 [@lincham]
0 segundo for "Alteração de layout do banco de dados - glpi_items_devicesoundcards" @ 2018-02-27 10:25:30 [@lincham]
0 segundo for "Alteração de layout do banco de dados - glpi_devicecases" @ 2018-02-27 10:25:30 [@lincham]
0 segundo for "Alteração de layout do banco de dados - glpi_devicecontrols" @ 2018-02-27 10:25:30 [@lincham]
0 segundo for "Alteração de layout do banco de dados - glpi_devicedrives" @ 2018-02-27 10:25:30 [@lincham]
0 segundo for "Alteração de layout do banco de dados - glpi_devicegraphiccards" @ 2018-02-27 10:25:30 [@lincham]
0 segundo for "Alteração de layout do banco de dados - glpi_deviceharddrives" @ 2018-02-27 10:25:30 [@lincham]
0 segundo for "Alteração de layout do banco de dados - glpi_devicememories" @ 2018-02-27 10:25:30 [@lincham]
0 segundo for "Alteração de layout do banco de dados - glpi_devicemotherboards" @ 2018-02-27 10:25:30 [@lincham]
0 segundo for "Alteração de layout do banco de dados - glpi_devicenetworkcards" @ 2018-02-27 10:25:30 [@lincham]
0 segundo for "Alteração de layout do banco de dados - glpi_devicepcis" @ 2018-02-27 10:25:31 [@lincham]
1 segundo for "Alteração de layout do banco de dados - glpi_devicepowersupplies" @ 2018-02-27 10:25:31 [@lincham]
0 segundo for "Alteração de layout do banco de dados - glpi_deviceprocessors" @ 2018-02-27 10:25:31 [@lincham]
0 segundo for "Alteração de layout do banco de dados - glpi_devicesoundcards" @ 2018-02-27 10:25:31 [@lincham]
0 segundo for "Alteração de layout do banco de dados - glpi_softwarelicenses" @ 2018-02-27 10:25:31 [@lincham]
0 segundo for "Alteração de layout do banco de dados - glpi_tickettasks" @ 2018-02-27 10:25:31 [@lincham]
0 segundo for "Alteração de layout do banco de dados - glpi_problemtasks" @ 2018-02-27 10:25:31 [@lincham]
0 segundo for "Alteração de layout do banco de dados - glpi_changetasks" @ 2018-02-27 10:25:31 [@lincham]
0 segundo for "Alteração de layout do banco de dados - glpi_tasktemplates" @ 2018-02-27 10:25:31 [@lincham]
0 segundo for "Alteração de layout do banco de dados - glpi_slalevels" @ 2018-02-27 10:25:31 [@lincham]
0 segundo for "Alteração de layout do banco de dados - glpi_tickets" @ 2018-02-27 10:25:31 [@lincham]
0 segundo for "Alteração de layout do banco de dados - glpi_tickets" @ 2018-02-27 10:25:31 [@lincham]
0 segundo for "Alteração de layout do banco de dados - glpi_tickets" @ 2018-02-27 10:25:31 [@lincham]
0 segundo for "Alteração de layout do banco de dados - glpi_tickets" @ 2018-02-27 10:25:31 [@lincham]
0 segundo for "Alteração de layout do banco de dados - glpi_tickets" @ 2018-02-27 10:25:31 [@lincham]
0 segundo for "Alteração de layout do banco de dados - glpi_tickets" @ 2018-02-27 10:25:31 [@lincham]
0 segundo for "Alteração de layout do banco de dados - glpi_tickets" @ 2018-02-27 10:25:31 [@lincham]
0 segundo for "Alteração de layout do banco de dados - glpi_tickets" @ 2018-02-27 10:25:31 [@lincham]
0 segundo for "Alteração de layout do banco de dados - glpi_tickets" @ 2018-02-27 10:25:31 [@lincham]
0 segundo for "Alteração de layout do banco de dados - glpi_changes" @ 2018-02-27 10:25:31 [@lincham]
0 segundo for "Alteração de layout do banco de dados - glpi_problems" @ 2018-02-27 10:25:31 [@lincham]
0 segundo for "Alteração de layout do banco de dados - glpi_savedsearches" @ 2018-02-27 10:25:31 [@lincham]
0 segundo for "Alteração de layout do banco de dados - glpi_notifications" @ 2018-02-27 10:25:31 [@lincham]
0 segundo for "Alteração de layout do banco de dados - glpi_queuednotifications" @ 2018-02-27 10:25:31 [@lincham]
0 segundo for "Migração de dados - glpi_displaypreferences" @ 2018-02-27 10:25:31 [@lincham]
0 segundo for "Alteração de layout do banco de dados - glpi_states" @ 2018-02-27 10:25:31 [@lincham]
0 segundo for "Alteração de layout do banco de dados - glpi_slalevels_tickets" @ 2018-02-27 10:25:31 [@lincham]
0 segundo for "Alteração de layout do banco de dados - glpi_businesscriticities" @ 2018-02-27 10:25:31 [@lincham]
0 segundo for "Alteração de layout do banco de dados - glpi_documentcategories" @ 2018-02-27 10:25:31 [@lincham]
0 segundo for "Alteração de layout do banco de dados - glpi_olalevels_tickets" @ 2018-02-27 10:25:31 [@lincham]
0 segundo for "Alteração de layout do banco de dados - glpi_states" @ 2018-02-27 10:25:31 [@lincham]
0 segundo for "Alteração de layout do banco de dados - glpi_tickets_tickets" @ 2018-02-27 10:25:31 [@lincham]
0 segundo for "Alteração de layout do banco de dados - glpi_tickettemplatehiddenfields" @ 2018-02-27 10:25:31 [@lincham]
0 segundo for "Alteração de layout do banco de dados - glpi_tickettemplatemandatoryfields" @ 2018-02-27 10:25:31 [@lincham]
0 segundo for "Alteração de layout do banco de dados - glpi_softwarelicenses" @ 2018-02-27 10:25:31 [@lincham]
0 segundo for "Alteração de layout do banco de dados - glpi_infocoms" @ 2018-02-27 10:25:31 [@lincham]
0 segundo for "Alteração de layout do banco de dados - glpi_monitors" @ 2018-02-27 10:25:31 [@lincham]
0 segundo for "Alteração de layout do banco de dados - glpi_softwarelicensetypes" @ 2018-02-27 10:25:31 [@lincham]
0 segundo for "Alteração de layout do banco de dados - glpi_knowbaseitemtranslations" @ 2018-02-27 10:25:31 [@lincham]
0 segundo for "Alteração de layout do banco de dados - glpi_taskcategories" @ 2018-02-27 10:25:31 [@lincham]
0 segundo for "Alteração de layout do banco de dados - glpi_documents_items" @ 2018-02-27 10:25:31 [@lincham]
0 segundo for "Alteração de layout do banco de dados - glpi_computermodels" @ 2018-02-27 10:25:31 [@lincham]
0 segundo for "Alteração de layout do banco de dados - glpi_printermodels" @ 2018-02-27 10:25:31 [@lincham]
0 segundo for "Alteração de layout do banco de dados - glpi_networkequipmentmodels" @ 2018-02-27 10:25:31 [@lincham]
0 segundo for "Alteração de layout do banco de dados - glpi_phonemodels" @ 2018-02-27 10:25:31 [@lincham]
0 segundo for "Alteração de layout do banco de dados - glpi_peripheralmodels" @ 2018-02-27 10:25:31 [@lincham]
0 segundo for "Alteração de layout do banco de dados - glpi_monitormodels" @ 2018-02-27 10:25:31 [@lincham]
0 segundo for "Alteração de layout do banco de dados - glpi_items_devicecases" @ 2018-02-27 10:25:31 [@lincham]
0 segundo for "Alteração de layout do banco de dados - glpi_items_devicecontrols" @ 2018-02-27 10:25:31 [@lincham]
0 segundo for "Alteração de layout do banco de dados - glpi_items_devicedrives" @ 2018-02-27 10:25:31 [@lincham]
0 segundo for "Alteração de layout do banco de dados - glpi_items_devicegraphiccards" @ 2018-02-27 10:25:31 [@lincham]
0 segundo for "Alteração de layout do banco de dados - glpi_items_deviceharddrives" @ 2018-02-27 10:25:31 [@lincham]
0 segundo for "Alteração de layout do banco de dados - glpi_items_devicememories" @ 2018-02-27 10:25:31 [@lincham]
0 segundo for "Alteração de layout do banco de dados - glpi_items_devicemotherboards" @ 2018-02-27 10:25:31 [@lincham]
0 segundo for "Alteração de layout do banco de dados - glpi_items_devicenetworkcards" @ 2018-02-27 10:25:31 [@lincham]
0 segundo for "Alteração de layout do banco de dados - glpi_items_devicepcis" @ 2018-02-27 10:25:31 [@lincham]
0 segundo for "Alteração de layout do banco de dados - glpi_items_devicepowersupplies" @ 2018-02-27 10:25:31 [@lincham]
0 segundo for "Alteração de layout do banco de dados - glpi_items_deviceprocessors" @ 2018-02-27 10:25:31 [@lincham]
0 segundo for "Alteração de layout do banco de dados - glpi_items_devicesoundcards" @ 2018-02-27 10:25:31 [@lincham]
0 segundo for "Alteração de layout do banco de dados - glpi_devicecases" @ 2018-02-27 10:25:31 [@lincham]
0 segundo for "Alteração de layout do banco de dados - glpi_devicecontrols" @ 2018-02-27 10:25:31 [@lincham]
0 segundo for "Alteração de layout do banco de dados - glpi_devicedrives" @ 2018-02-27 10:25:31 [@lincham]
0 segundo for "Alteração de layout do banco de dados - glpi_devicegraphiccards" @ 2018-02-27 10:25:31 [@lincham]
0 segundo for "Alteração de layout do banco de dados - glpi_deviceharddrives" @ 2018-02-27 10:25:31 [@lincham]
0 segundo for "Alteração de layout do banco de dados - glpi_devicememories" @ 2018-02-27 10:25:31 [@lincham]
0 segundo for "Alteração de layout do banco de dados - glpi_devicemotherboards" @ 2018-02-27 10:25:31 [@lincham]
0 segundo for "Alteração de layout do banco de dados - glpi_devicenetworkcards" @ 2018-02-27 10:25:31 [@lincham]
0 segundo for "Alteração de layout do banco de dados - glpi_devicepcis" @ 2018-02-27 10:25:31 [@lincham]
0 segundo for "Alteração de layout do banco de dados - glpi_devicepowersupplies" @ 2018-02-27 10:25:31 [@lincham]
0 segundo for "Alteração de layout do banco de dados - glpi_deviceprocessors" @ 2018-02-27 10:25:31 [@lincham]
0 segundo for "Alteração de layout do banco de dados - glpi_devicesoundcards" @ 2018-02-27 10:25:31 [@lincham]
0 segundo for "Alteração de layout do banco de dados - glpi_tickettasks" @ 2018-02-27 10:25:31 [@lincham]
0 segundo for "Alteração de layout do banco de dados - glpi_problemtasks" @ 2018-02-27 10:25:31 [@lincham]
0 segundo for "Alteração de layout do banco de dados - glpi_changetasks" @ 2018-02-27 10:25:31 [@lincham]
0 segundo for "Alteração de layout do banco de dados - glpi_slas" @ 2018-02-27 10:25:31 [@lincham]
0 segundo for "Alteração de layout do banco de dados - glpi_slalevels" @ 2018-02-27 10:25:31 [@lincham]
0 segundo for "Alteração de layout do banco de dados - glpi_tickets" @ 2018-02-27 10:25:31 [@lincham]
0 segundo for "Alteração de layout do banco de dados - glpi_changes" @ 2018-02-27 10:25:31 [@lincham]
0 segundo for "Alteração de layout do banco de dados - glpi_problems" @ 2018-02-27 10:25:31 [@lincham]
0 segundo for "Alteração de layout do banco de dados - glpi_savedsearches" @ 2018-02-27 10:25:31 [@lincham]
0 segundo for "Alteração de layout do banco de dados - glpi_queuednotifications" @ 2018-02-27 10:25:31 [@lincham]
0 segundo for "Alteração de layout do banco de dados - glpi_savedsearches_users" @ 2018-02-27 10:25:31 [@lincham]
0 segundo for "Alteração de layout do banco de dados - glpi_logs" @ 2018-02-27 10:25:31 [@lincham]
0 segundo for "Alteração de layout do banco de dados - glpi_users" @ 2018-02-27 10:25:31 [@lincham]
0 segundo for "Alteração de layout do banco de dados - glpi_computers" @ 2018-02-27 10:25:31 [@lincham]
0 segundo for "Alteração de layout do banco de dados - glpi_items_operatingsystems" @ 2018-02-27 10:25:31 [@lincham]
0 segundo for "Alteração de layout do banco de dados - glpi_entities" @ 2018-02-27 10:25:31 [@lincham]
0 segundo for "Alteração de layout do banco de dados - glpi_phones" @ 2018-02-27 10:25:32 [@lincham]
1 segundo for "Alteração de layout do banco de dados - glpi_networkequipments" @ 2018-02-27 10:25:32 [@lincham]
0 segundo for "Alteração de layout do banco de dados - glpi_projects" @ 2018-02-27 10:25:32 [@lincham]
0 segundo for "Alteração de layout do banco de dados - glpi_projecttasks" @ 2018-02-27 10:25:32 [@lincham]
0 segundo for "Alteração de layout do banco de dados - glpi_ticketfollowups" @ 2018-02-27 10:25:32 [@lincham]
0 segundo for "Alteração de layout do banco de dados - glpi_authldaps" @ 2018-02-27 10:25:32 [@lincham]
0 segundo for "Alteração de layout do banco de dados - glpi_networkportfiberchannels" @ 2018-02-27 10:25:32 [@lincham]
0 segundo for "Alteração de layout do banco de dados - glpi_slms" @ 2018-02-27 10:25:32 [@lincham]
0 segundo for "Alteração de layout do banco de dados - glpi_slalevels_tickets" @ 2018-02-27 10:25:32 [@lincham]
0 segundo for "Alteração de layout do banco de dados - glpi_businesscriticities" @ 2018-02-27 10:25:32 [@lincham]
0 segundo for "Alteração de layout do banco de dados - glpi_documentcategories" @ 2018-02-27 10:25:32 [@lincham]
0 segundo for "Alteração de layout do banco de dados - glpi_olalevels_tickets" @ 2018-02-27 10:25:32 [@lincham]
0 segundo for "Alteração de layout do banco de dados - glpi_states" @ 2018-02-27 10:25:32 [@lincham]
0 segundo for "Alteração de layout do banco de dados - glpi_tickets_tickets" @ 2018-02-27 10:25:32 [@lincham]
0 segundo for "Alteração de layout do banco de dados - glpi_tickettemplatehiddenfields" @ 2018-02-27 10:25:32 [@lincham]
0 segundo for "Alteração de layout do banco de dados - glpi_tickettemplatemandatoryfields" @ 2018-02-27 10:25:32 [@lincham]
0 segundo for "Alteração de layout do banco de dados - glpi_tickettemplatepredefinedfields" @ 2018-02-27 10:25:32 [@lincham]
0 segundo for "Alteração de layout do banco de dados - glpi_softwarelicenses" @ 2018-02-27 10:25:32 [@lincham]
0 segundo for "Alteração de layout do banco de dados - glpi_tasktemplates" @ 2018-02-27 10:25:32 [@lincham]
0 segundo for "Alteração de layout do banco de dados - glpi_ticketvalidations" @ 2018-02-27 10:25:32 [@lincham]
0 segundo for "Valores de configuração adicionados para login_remember_time, login_remember_default, use_notifications, notifications_mailing, notifications_ajax, notifications_ajax_check_interval, notifications_ajax_sound, notifications_ajax_icon_url, dbversion, smtp_max_retries, smtp_sender, from_email, from_email_name." @ 2018-02-27 10:25:32 [@lincham]
0 segundo for "Tarefa concluída." @ 