2018-02-27 10:25:32 [@lincham]
0 segundo for "Alteração de layout do banco de dados - glpi_certificates" @ 2018-02-27 10:25:32 [@lincham]
0 segundo for "Alteração de layout do banco de dados - glpi_items_operatingsystems" @ 2018-02-27 10:25:32 [@lincham]
0 segundo for "Alteração de layout do banco de dados - glpi_tickets" @ 2018-02-27 10:25:32 [@lincham]
0 segundo for "Alteração de layout do banco de dados - glpi_items_devicesimcards" @ 2018-02-27 10:25:32 [@lincham]
0 segundo for "Tarefa concluída." @ 2018-02-27 10:25:32 [@lincham]
0 segundo for "otimizar - Início" @ 2018-02-27 10:25:32 [@lincham]
0 segundo for "otimizar - glpi_alerts" @ 2018-02-27 10:25:32 [@lincham]
0 segundo for "otimizar - glpi_apiclients" @ 2018-02-27 10:25:32 [@lincham]
0 segundo for "otimizar - glpi_authldapreplicates" @ 2018-02-27 10:25:32 [@lincham]
0 segundo for "otimizar - glpi_authldaps" @ 2018-02-27 10:25:32 [@lincham]
0 segundo for "otimizar - glpi_authmails" @ 2018-02-27 10:25:32 [@lincham]
0 segundo for "otimizar - glpi_autoupdatesystems" @ 2018-02-27 10:25:32 [@lincham]
0 segundo for "otimizar - glpi_blacklistedmailcontents" @ 2018-02-27 10:25:32 [@lincham]
0 segundo for "otimizar - glpi_blacklists" @ 2018-02-27 10:25:32 [@lincham]
0 segundo for "otimizar - glpi_budgets" @ 2018-02-27 10:25:32 [@lincham]
0 segundo for "otimizar - glpi_budgettypes" @ 2018-02-27 10:25:32 [@lincham]
0 segundo for "otimizar - glpi_businesscriticities" @ 2018-02-27 10:25:32 [@lincham]
0 segundo for "otimizar - glpi_calendars" @ 2018-02-27 10:25:32 [@lincham]
0 segundo for "otimizar - glpi_calendars_holidays" @ 2018-02-27 10:25:32 [@lincham]
0 segundo for "otimizar - glpi_calendarsegments" @ 2018-02-27 10:25:32 [@lincham]
0 segundo for "otimizar - glpi_cartridgeitems" @ 2018-02-27 10:25:32 [@lincham]
0 segundo for "otimizar - glpi_cartridgeitems_printermodels" @ 2018-02-27 10:25:32 [@lincham]
0 segundo for "otimizar - glpi_cartridgeitemtypes" @ 2018-02-27 10:25:32 [@lincham]
0 segundo for "otimizar - glpi_cartridges" @ 2018-02-27 10:25:32 [@lincham]
0 segundo for "otimizar - glpi_certificates" @ 2018-02-27 10:25:32 [@lincham]
0 segundo for "otimizar - glpi_certificates_items" @ 2018-02-27 10:25:32 [@lincham]
0 segundo for "otimizar - glpi_certificatetypes" @ 2018-02-27 10:25:32 [@lincham]
0 segundo for "otimizar - glpi_changecosts" @ 2018-02-27 10:25:32 [@lincham]
0 segundo for "otimizar - glpi_changes" @ 2018-02-27 10:25:32 [@lincham]
0 segundo for "otimizar - glpi_changes_groups" @ 2018-02-27 10:25:32 [@lincham]
0 segundo for "otimizar - glpi_changes_items" @ 2018-02-27 10:25:32 [@lincham]
0 segundo for "otimizar - glpi_changes_problems" @ 2018-02-27 10:25:32 [@lincham]
0 segundo for "otimizar - glpi_changes_projects" @ 2018-02-27 10:25:32 [@lincham]
0 segundo for "otimizar - glpi_changes_suppliers" @ 2018-02-27 10:25:32 [@lincham]
0 segundo for "otimizar - glpi_changes_tickets" @ 2018-02-27 10:25:32 [@lincham]
0 segundo for "otimizar - glpi_changes_users" @ 2018-02-27 10:25:32 [@lincham]
0 segundo for "otimizar - glpi_changetasks" @ 2018-02-27 10:25:32 [@lincham]
0 segundo for "otimizar - glpi_changevalidations" @ 2018-02-27 10:25:32 [@lincham]
0 segundo for "otimizar - glpi_computerantiviruses" @ 2018-02-27 10:25:32 [@lincham]
0 segundo for "otimizar - glpi_computerdisks" @ 2018-02-27 10:25:32 [@lincham]
0 segundo for "otimizar - glpi_computermodels" @ 2018-02-27 10:25:32 [@lincham]
0 segundo for "otimizar - glpi_computers" @ 2018-02-27 10:25:32 [@lincham]
0 segundo for "otimizar - glpi_computers_items" @ 2018-02-27 10:25:32 [@lincham]
0 segundo for "otimizar - glpi_computers_softwarelicenses" @ 2018-02-27 10:25:32 [@lincham]
0 segundo for "otimizar - glpi_computers_softwareversions" @ 2018-02-27 10:25:32 [@lincham]
0 segundo for "otimizar - glpi_computertypes" @ 2018-02-27 10:25:32 [@lincham]
0 segundo for "otimizar - glpi_computervirtualmachines" @ 2018-02-27 10:25:32 [@lincham]
0 segundo for "otimizar - glpi_configs" @ 2018-02-27 10:25:32 [@lincham]
0 segundo for "otimizar - glpi_consumableitems" @ 2018-02-27 10:25:32 [@lincham]
0 segundo for "otimizar - glpi_consumableitemtypes" @ 2018-02-27 10:25:32 [@lincham]
0 segundo for "otimizar - glpi_consumables" @ 2018-02-27 10:25:32 [@lincham]
0 segundo for "otimizar - glpi_contacts" @ 2018-02-27 10:25:32 [@lincham]
0 segundo for "otimizar - glpi_contacts_suppliers" @ 2018-02-27 10:25:32 [@lincham]
0 segundo for "otimizar - glpi_contacttypes" @ 2018-02-27 10:25:32 [@lincham]
0 segundo for "otimizar - glpi_contractcosts" @ 2018-02-27 10:25:32 [@lincham]
0 segundo for "otimizar - glpi_contracts" @ 2018-02-27 10:25:32 [@lincham]
0 segundo for "otimizar - glpi_contracts_items" @ 2018-02-27 10:25:32 [@lincham]
0 segundo for "otimizar - glpi_contracts_suppliers" @ 2018-02-27 10:25:32 [@lincham]
0 segundo for "otimizar - glpi_contracttypes" @ 2018-02-27 10:25:32 [@lincham]
0 segundo for "otimizar - glpi_crontasklogs" @ 2018-02-27 10:25:32 [@lincham]
0 segundo for "otimizar - glpi_crontasks" @ 2018-02-27 10:25:32 [@lincham]
0 segundo for "otimizar - glpi_devicebatteries" @ 2018-02-27 10:25:32 [@lincham]
0 segundo for "otimizar - glpi_devicebatterymodels" @ 2018-02-27 10:25:32 [@lincham]
0 segundo for "otimizar - glpi_devicebatterytypes" @ 2018-02-27 10:25:32 [@lincham]
0 segundo for "otimizar - glpi_devicecasemodels" @ 2018-02-27 10:25:32 [@lincham]
0 segundo for "otimizar - glpi_devicecases" @ 2018-02-27 10:25:32 [@lincham]
0 segundo for "otimizar - glpi_devicecasetypes" @ 2018-02-27 10:25:32 [@lincham]
0 segundo for "otimizar - glpi_devicecontrolmodels" @ 2018-02-27 10:25:32 [@lincham]
0 segundo for "otimizar - glpi_devicecontrols" @ 2018-02-27 10:25:32 [@lincham]
0 segundo for "otimizar - glpi_devicedrivemodels" @ 2018-02-27 10:25:32 [@lincham]
0 segundo for "otimizar - glpi_devicedrives" @ 2018-02-27 10:25:32 [@lincham]
0 segundo for "otimizar - glpi_devicefirmwaremodels" @ 2018-02-27 10:25:32 [@lincham]
0 segundo for "otimizar - glpi_devicefirmwares" @ 2018-02-27 10:25:32 [@lincham]
0 segundo for "otimizar - glpi_devicefirmwaretypes" @ 2018-02-27 10:25:32 [@lincham]
0 segundo for "otimizar - glpi_devicegenericmodels" @ 2018-02-27 10:25:32 [@lincham]
0 segundo for "otimizar - glpi_devicegenerics" @ 2018-02-27 10:25:32 [@lincham]
0 segundo for "otimizar - glpi_devicegenerictypes" @ 2018-02-27 10:25:32 [@lincham]
0 segundo for "otimizar - glpi_devicegraphiccardmodels" @ 2018-02-27 10:25:32 [@lincham]
0 segundo for "otimizar - glpi_devicegraphiccards" @ 2018-02-27 10:25:32 [@lincham]
0 segundo for "otimizar - glpi_deviceharddrivemodels" @ 2018-02-27 10:25:32 [@lincham]
0 segundo for "otimizar - glpi_deviceharddrives" @ 2018-02-27 10:25:32 [@lincham]
0 segundo for "otimizar - glpi_devicememories" @ 2018-02-27 10:25:32 [@lincham]
0 segundo for "otimizar - glpi_devicememorymodels" @ 2018-02-27 10:25:32 [@lincham]
0 segundo for "otimizar - glpi_devicememorytypes" @ 2018-02-27 10:25:32 [@lincham]
0 segundo for "otimizar - glpi_devicemotherboardmodels" @ 2018-02-27 10:25:32 [@lincham]
0 segundo for "otimizar - glpi_devicemotherboards" @ 2018-02-27 10:25:32 [@lincham]
0 segundo for "otimizar - glpi_devicenetworkcardmodels" @ 2018-02-27 10:25:32 [@lincham]
0 segundo for "otimizar - glpi_devicenetworkcards" @ 2018-02-27 10:25:32 [@lincham]
0 segundo for "otimizar - glpi_devicepcimodels" @ 2018-02-27 10:25:32 [@lincham]
0 segundo for "otimizar - glpi_devicepcis" @ 2018-02-27 10:25:32 [@lincham]
0 segundo for "otimizar - glpi_devicepowersupplies" @ 2018-02-27 10:25:32 [@lincham]
0 segundo for "otimizar - glpi_devicepowersupplymodels" @ 2018-02-27 10:25:32 [@lincham]
0 segundo for "otimizar - glpi_deviceprocessormodels" @ 2018-02-27 10:25:32 [@lincham]
0 segundo for "otimizar - glpi_deviceprocessors" @ 2018-02-27 10:25:32 [@lincham]
0 segundo for "otimizar - glpi_devicesensormodels" @ 2018-02-27 10:25:32 [@lincham]
0 segundo for "otimizar - glpi_devicesensors" @ 2018-02-27 10:25:32 [@lincham]
0 segundo for "otimizar - glpi_devicesensortypes" @ 2018-02-27 10:25:32 [@lincham]
0 segundo for "otimizar - glpi_devicesimcards" @ 2018-02-27 10:25:32 [@lincham]
0 segundo for "otimizar - glpi_devicesimcardtypes" @ 2018-02-27 10:25:32 [@lincham]
0 segundo for "otimizar - glpi_devicesoundcardmodels" @ 2018-02-27 10:25:32 [@lincham]
0 segundo for "otimizar - glpi_devicesoundcards" @ 2018-02-27 10:25:32 [@lincham]
0 segundo for "otimizar - glpi_displaypreferences" @ 2018-02-27 10:25:32 [@lincham]
0 segundo for "otimizar - glpi_documentcategories" @ 2018-02-27 10:25:32 [@lincham]
0 segundo for "otimizar - glpi_documents" @ 2018-02-27 10:25:32 [@lincham]
0 segundo for "otimizar - glpi_documents_items" @ 2018-02-27 10:25:32 [@lincham]
0 segundo for "otimizar - glpi_documenttypes" @ 2018-02-27 10:25:32 [@lincham]
0 segundo for "otimizar - glpi_domains" @ 2018-02-27 10:25:32 [@lincham]
0 segundo for "otimizar - glpi_dropdowntranslations" @ 2018-02-27 10:25:32 [@lincham]
0 segundo for "otimizar - glpi_entities" @ 2018-02-27 10:25:32 [@lincham]
0 segundo for "otimizar - glpi_entities_knowbaseitems" @ 2018-02-27 10:25:32 [@lincham]
0 segundo for "otimizar - glpi_entities_reminders" @ 2018-02-27 10:25:32 [@lincham]
0 segundo for "otimizar - glpi_entities_rssfeeds" @ 2018-02-27 10:25:32 [@lincham]
0 segundo for "otimizar - glpi_events" @ 2018-02-27 10:25:32 [@lincham]
0 segundo for "otimizar - glpi_fieldblacklists" @ 2018-02-27 10:25:32 [@lincham]
0 segundo for "otimizar - glpi_fieldunicities" @ 2018-02-27 10:25:32 [@lincham]
0 segundo for "otimizar - glpi_filesystems" @ 2018-02-27 10:25:32 [@lincham]
0 segundo for "otimizar - glpi_fqdns" @ 2018-02-27 10:25:32 [@lincham]
0 segundo for "otimizar - glpi_groups" @ 2018-02-27 10:25:32 [@lincham]
0 segundo for "otimizar - glpi_groups_knowbaseitems" @ 2018-02-27 10:25:32 [@lincham]
0 segundo for "otimizar - glpi_groups_problems" @ 2018-02-27 10:25:32 [@lincham]
0 segundo for "otimizar - glpi_groups_reminders" @ 2018-02-27 10:25:32 [@lincham]
0 segundo for "otimizar - glpi_groups_rssfeeds" @ 2018-02-27 10:25:32 [@lincham]
0 segundo for "otimizar - glpi_groups_tickets" @ 2018-02-27 10:25:32 [@lincham]
0 segundo for "otimizar - glpi_groups_users" @ 2018-02-27 10:25:32 [@lincham]
0 segundo for "otimizar - glpi_holidays" @ 2018-02-27 10:25:32 [@lincham]
0 segundo for "otimizar - glpi_infocoms" @ 2018-02-27 10:25:32 [@lincham]
0 segundo for "otimizar - glpi_interfacetypes" @ 2018-02-27 10:25:32 [@lincham]
0 segundo for "otimizar - glpi_ipaddresses" @ 2018-02-27 10:25:32 [@lincham]
0 segundo for "otimizar - glpi_ipaddresses_ipnetworks" @ 2018-02-27 10:25:32 [@lincham]
0 segundo for "otimizar - glpi_ipnetworks" @ 2018-02-27 10:25:32 [@lincham]
0 segundo for "otimizar - glpi_ipnetworks_vlans" @ 2018-02-27 10:25:32 [@lincham]
0 segundo for "otimizar - glpi_items_devicebatteries" @ 2018-02-27 10:25:32 [@lincham]
0 segundo for "otimizar - glpi_items_devicecases" @ 2018-02-27 10:25:32 [@lincham]
0 segundo for "otimizar - glpi_items_devicecontrols" @ 2018-02-27 10:25:32 [@lincham]
0 segundo for "otimizar - glpi_items_devicedrives" @ 2018-02-27 10:25:32 [@lincham]
0 segundo for "otimizar - glpi_items_devicefirmwares" @ 2018-02-27 10:25:32 [@lincham]
0 segundo for "otimizar - glpi_items_devicegenerics" @ 2018-02-27 10:25:32 [@lincham]
0 segundo for "otimizar - glpi_items_devicegraphiccards" @ 2018-02-27 10:25:32 [@lincham]
0 segundo for "otimizar - glpi_items_deviceharddrives" @ 2018-02-27 10:25:32 [@lincham]
0 segundo for "otimizar - glpi_items_devicememories" @ 2018-02-27 10:25:32 [@lincham]
0 segundo for "otimizar - glpi_items_devicemotherboards" @ 2018-02-27 10:25:32 [@lincham]
0 segundo for "otimizar - glpi_items_devicenetworkcards" @ 2018-02-27 10:25:32 [@lincham]
0 segundo for "otimizar - glpi_items_devicepcis" @ 2018-02-27 10:25:32 [@lincham]
0 segundo for "otimizar - glpi_items_devicepowersupplies" @ 2018-02-27 10:25:32 [@lincham]
0 segundo for "otimizar - glpi_items_deviceprocessors" @ 2018-02-27 10:25:32 [@lincham]
0 segundo for "otimizar - glpi_items_devicesensors" @ 2018-02-27 10:25:32 [@lincham]
0 segundo for "otimizar - glpi_items_devicesimcards" @ 2018-02-27 10:25:32 [@lincham]
0 segundo for "otimizar - glpi_items_devicesoundcards" @ 2018-02-27 10:25:32 [@lincham]
0 segundo for "otimizar - glpi_items_operatingsystems" @ 2018-02-27 10:25:32 [@lincham]
0 segundo for "otimizar - glpi_items_problems" @ 2018-02-27 10:25:32 [@lincham]
0 segundo for "otimizar - glpi_items_projects" @ 2018-02-27 10:25:32 [@lincham]
0 segundo for "otimizar - glpi_items_tickets" @ 2018-02-27 10:25:32 [@lincham]
0 segundo for "otimizar - glpi_itilcategories" @ 2018-02-27 10:25:32 [@lincham]
0 segundo for "otimizar - glpi_knowbaseitemcategories" @ 2018-02-27 10:25:32 [@lincham]
0 segundo for "otimizar - glpi_knowbaseitems" @ 2018-02-27 10:25:32 [@lincham]
0 segundo for "otimizar - glpi_knowbaseitems_comments" @ 2018-02-27 10:25:32 [@lincham]
0 segundo for "otimizar - glpi_knowbaseitems_items" @ 2018-02-27 10:25:32 [@lincham]
0 segundo for "otimizar - glpi_knowbaseitems_profiles" @ 2018-02-27 10:25:32 [@lincham]
0 segundo for "otimizar - glpi_knowbaseitems_revisions" @ 2018-02-27 10:25:32 [@lincham]
0 segundo for "otimizar - glpi_knowbaseitems_users" @ 2018-02-27 10:25:32 [@lincham]
0 segundo for "otimizar - glpi_knowbaseitemtranslations" @ 2018-02-27 10:25:32 [@lincham]
0 segundo for "otimizar - glpi_lineoperators" @ 2018-02-27 10:25:32 [@lincham]
0 segundo for "otimizar - glpi_lines" @ 2018-02-27 10:25:32 [@lincham]
0 segundo for "otimizar - glpi_linetypes" @ 2018-02-27 10:25:32 [@lincham]
0 segundo for "otimizar - glpi_links" @ 2018-02-27 10:25:32 [@lincham]
0 segundo for "otimizar - glpi_links_itemtypes" @ 2018-02-27 10:25:32 [@lincham]
0 segundo for "otimizar - glpi_locations" @ 2018-02-27 10:25:32 [@lincham]
0 segundo for "otimizar - glpi_logs" @ 2018-02-27 10:25:32 [@lincham]
0 segundo for "otimizar - glpi_mailcollectors" @ 2018-02-27 10:25:32 [@lincham]
0 segundo for "otimizar - glpi_manufacturers" @ 2018-02-27 10:25:32 [@lincham]
0 segundo for "otimizar - glpi_monitormodels" @ 2018-02-27 10:25:32 [@lincham]
0 segundo for "otimizar - glpi_monitors" @ 2018-02-27 10:25:32 [@lincham]
0 segundo for "otimizar - glpi_monitortypes" @ 2018-02-27 10:25:32 [@lincham]
0 segundo for "otimizar - glpi_netpoints" @ 2018-02-27 10:25:32 [@lincham]
0 segundo for "otimizar - glpi_networkaliases" @ 2018-02-27 10:25:32 [@lincham]
0 segundo for "otimizar - glpi_networkequipmentmodels" @ 2018-02-27 10:25:32 [@lincham]
0 segundo for "otimizar - glpi_networkequipments" @ 2018-02-27 10:25:32 [@lincham]
0 segundo for "otimizar - glpi_networkequipmenttypes" @ 2018-02-27 10:25:32 [@lincham]
0 segundo for "otimizar - glpi_networkinterfaces" @ 2018-02-27 10:25:32 [@lincham]
0 segundo for "otimizar - glpi_networknames" @ 2018-02-27 10:25:32 [@lincham]
0 segundo for "otimizar - glpi_networkportaggregates" @ 2018-02-27 10:25:32 [@lincham]
0 segundo for "otimizar - glpi_networkportaliases" @ 2018-02-27 10:25:32 [@lincham]
0 segundo for "otimizar - glpi_networkportdialups" @ 2018-02-27 10:25:32 [@lincham]
0 segundo for "otimizar - glpi_networkportethernets" @ 2018-02-27 10:25:32 [@lincham]
0 segundo for "otimizar - glpi_networkportfiberchannels" @ 2018-02-27 10:25:32 [@lincham]
0 segundo for "otimizar - glpi_networkportlocals" @ 2018-02-27 10:25:32 [@lincham]
0 segundo for "otimizar - glpi_networkports" @ 2018-02-27 10:25:32 [@lincham]
0 segundo for "otimizar - glpi_networkports_networkports" @ 2018-02-27 10:25:32 [@lincham]
0 segundo for "otimizar - glpi_networkports_vlans" @ 2018-02-27 10:25:32 [@lincham]
0 segundo for "otimizar - glpi_networkportwifis" @ 2018-02-27 10:25:32 [@lincham]
0 segundo for "otimizar - glpi_networks" @ 2018-02-27 10:25:32 [@lincham]
0 segundo for "otimizar - glpi_notepads" @ 2018-02-27 10:25:32 [@lincham]
0 segundo for "otimizar - glpi_notifications" @ 2018-02-27 10:25:32 [@lincham]
0 segundo for "otimizar - glpi_notifications_notificationtemplates" @ 2018-02-27 10:25:32 [@lincham]
0 segundo for "otimizar - glpi_notificationtargets" @ 2018-02-27 10:25:32 [@lincham]
0 segundo for "otimizar - glpi_notificationtemplates" @ 2018-02-27 10:25:32 [@lincham]
0 segundo for "otimizar - glpi_notificationtemplatetranslations" @ 2018-02-27 10:25:32 [@lincham]
0 segundo for "otimizar - glpi_notimportedemails" @ 2018-02-27 10:25:32 [@lincham]
0 segundo for "otimizar - glpi_objectlocks" @ 2018-02-27 10:25:32 [@lincham]
0 segundo for "otimizar - glpi_olalevelactions" @ 2018-02-27 10:25:32 [@lincham]
0 segundo for "otimizar - glpi_olalevelcriterias" @ 2018-02-27 10:25:32 [@lincham]
0 segundo for "otimizar - glpi_olalevels" @ 2018-02-27 10:25:32 [@lincham]
0 segundo for "otimizar - glpi_olalevels_tickets" @ 2018-02-27 10:25:32 [@lincham]
0 segundo for "otimizar - glpi_olas" @ 2018-02-27 10:25:32 [@lincham]
0 segundo for "otimizar - glpi_operatingsystemarchitectures" @ 2018-02-27 10:25:32 [@lincham]
0 segundo for "otimizar - glpi_operatingsystemeditions" @ 2018-02-27 10:25:32 [@lincham]
0 segundo for "otimizar - glpi_operatingsystemkernels" @ 2018-02-27 10:25:32 [@lincham]
0 segundo for "otimizar - glpi_operatingsystemkernelversions" @ 2018-02-27 10:25:32 [@lincham]
0 segundo for "otimizar - glpi_operatingsystems" @ 2018-02-27 10:25:32 [@lincham]
0 segundo for "otimizar - glpi_operatingsystemservicepacks" @ 2018-02-27 10:25:32 [@lincham]
0 segundo for "otimizar - glpi_operatingsystemversions" @ 2018-02-27 10:25:32 [@lincham]
0 segundo for "otimizar - glpi_peripheralmodels" @ 2018-02-27 10:25:32 [@lincham]
0 segundo for "otimizar - glpi_peripherals" @ 2018-02-27 10:25:32 [@lincham]
0 segundo for "otimizar - glpi_peripheraltypes" @ 2018-02-27 10:25:32 [@lincham]
0 segundo for "otimizar - glpi_phonemodels" @ 2018-02-27 10:25:32 [@lincham]
0 segundo for "otimizar - glpi_phonepowersupplies" @ 2018-02-27 10:25:32 [@lincham]
0 segundo for "otimizar - glpi_phones" @ 2018-02-27 10:25:32 [@lincham]
0 segundo for "otimizar - glpi_phonetypes" @ 2018-02-27 10:25:32 [@lincham]
0 segundo for "otimizar - glpi_planningrecalls" @ 2018-02-27 10:25:32 [@lincham]
0 segundo for "otimizar - glpi_plugins" @ 2018-02-27 10:25:32 [@lincham]
0 segundo for "otimizar - glpi_printermodels" @ 2018-02-27 10:25:32 [@lincham]
0 segundo for "otimizar - glpi_printers" @ 2018-02-27 10:25:32 [@lincham]
0 segundo for "otimizar - glpi_printertypes" @ 2018-02-27 10:25:32 [@lincham]
0 segundo for "otimizar - glpi_problemcosts" @ 2018-02-27 10:25:32 [@lincham]
0 segundo for "otimizar - glpi_problems" @ 2018-02-27 10:25:32 [@lincham]
0 segundo for "otimizar - glpi_problems_suppliers" @ 2018-02-27 10:25:32 [@lincham]
0 segundo for "otimizar - glpi_problems_tickets" @ 2018-02-27 10:25:32 [@lincham]
0 segundo for "otimizar - glpi_problems_users" @ 2018-02-27 10:25:32 [@lincham]
0 segundo for "otimizar - glpi_problemtasks" @ 2018-02-27 10:25:32 [@lincham]
0 segundo for "otimizar - glpi_profilerights" @ 2018-02-27 10:25:32 [@lincham]
0 segundo for "otimizar - glpi_profiles" @ 2018-02-27 10:25:32 [@lincham]
0 segundo for "otimizar - glpi_profiles_reminders" @ 2018-02-27 10:25:32 [@lincham]
0 segundo for "otimizar - glpi_profiles_rssfeeds" @ 2018-02-27 10:25:32 [@lincham]
0 segundo for "otimizar - glpi_profiles_users" @ 2018-02-27 10:25:32 [@lincham]
0 segundo for "otimizar - glpi_projectcosts" @ 2018-02-27 10:25:32 [@lincham]
0 segundo for "otimizar - glpi_projects" @ 2018-02-27 10:25:32 [@lincham]
0 segundo for "otimizar - glpi_projectstates" @ 2018-02-27 10:25:32 [@lincham]
0 segundo for "otimizar - glpi_projecttasks" @ 2018-02-27 10:25:32 [@lincham]
0 segundo for "otimizar - glpi_projecttasks_tickets" @ 2018-02-27 10:25:32 [@lincham]
0 segundo for "otimizar - glpi_projecttaskteams" @ 2018-02-27 10:25:32 [@lincham]
0 segundo for "otimizar - glpi_projecttasktemplates" @ 2018-02-27 10:25:32 [@lincham]
0 segundo for "otimizar - glpi_projecttasktypes" @ 2018-02-27 10:25:32 [@lincham]
0 segundo for "otimizar - glpi_projectteams" @ 2018-02-27 10:25:32 [@lincham]
0 segundo for "otimizar - glpi_projecttypes" @ 2018-02-27 10:25:32 [@lincham]
0 segundo for "otimizar - glpi_queuednotifications" @ 2018-02-27 10:25:32 [@lincham]
0 segundo for "otimizar - glpi_registeredids" @ 2018-02-27 10:25:32 [@lincham]
0 segundo for "otimizar - glpi_reminders" @ 2018-02-27 10:25:32 [@lincham]
0 segundo for "otimizar - glpi_reminders_users" @ 2018-02-27 10:25:32 [@lincham]
0 segundo for "otimizar - glpi_requesttypes" @ 2018-02-27 10:25:32 [@lincham]
0 segundo for "otimizar - glpi_reservationitems" @ 2018-02-27 10:25:32 [@lincham]
0 segundo for "otimizar - glpi_reservations" @ 2018-02-27 10:25:32 [@lincham]
0 segundo for "otimizar - glpi_rssfeeds" @ 2018-02-27 10:25:32 [@lincham]
0 segundo for "otimizar - glpi_rssfeeds_users" @ 2018-02-27 10:25:32 [@lincham]
0 segundo for "otimizar - glpi_ruleactions" @ 2018-02-27 10:25:32 [@lincham]
0 segundo for "otimizar - glpi_rulecriterias" @ 2018-02-27 10:25:32 [@lincham]
0 segundo for "otimizar - glpi_rulerightparameters" @ 2018-02-27 10:25:32 [@lincham]
0 segundo for "otimizar - glpi_rules" @ 2018-02-27 10:25:32 [@lincham]
0 segundo for "otimizar - glpi_savedsearches" @ 2018-02-27 10:25:32 [@lincham]
0 segundo for "otimizar - glpi_savedsearches_alerts" @ 2018-02-27 10:25:32 [@lincham]
0 segundo for "otimizar - glpi_savedsearches_users" @ 2018-02-27 10:25:32 [@lincham]
0 segundo for "otimizar - glpi_slalevelactions" @ 2018-02-27 10:25:32 [@lincham]
0 segundo for "otimizar - glpi_slalevelcriterias" @ 2018-02-27 10:25:32 [@lincham]
0 segundo for "otimizar - glpi_slalevels" @ 2018-02-27 10:25:32 [@lincham]
0 segundo for "otimizar - glpi_slalevels_tickets" @ 2018-02-27 10:25:32 [@lincham]
0 segundo for "otimizar - glpi_slas" @ 2018-02-27 10:25:32 [@lincham]
0 segundo for "otimizar - glpi_slms" @ 2018-02-27 10:25:32 [@lincham]
0 segundo for "otimizar - glpi_softwarecategories" @ 2018-02-27 10:25:32 [@lincham]
0 segundo for "otimizar - glpi_softwarelicenses" @ 2018-02-27 10:25:32 [@lincham]
0 segundo for "otimizar - glpi_softwarelicensetypes" @ 2018-02-27 10:25:32 [@lincham]
0 segundo for "otimizar - glpi_softwares" @ 2018-02-27 10:25:32 [@lincham]
0 segundo for "otimizar - glpi_softwareversions" @ 2018-02-27 10:25:32 [@lincham]
0 segundo for "otimizar - glpi_solutiontemplates" @ 2018-02-27 10:25:32 [@lincham]
0 segundo for "otimizar - glpi_solutiontypes" @ 2018-02-27 10:25:32 [@lincham]
0 segundo for "otimizar - glpi_ssovariables" @ 2018-02-27 10:25:32 [@lincham]
0 segundo for "otimizar - glpi_states" @ 2018-02-27 10:25:32 [@lincham]
0 segundo for "otimizar - glpi_suppliers" @ 2018-02-27 10:25:32 [@lincham]
0 segundo for "otimizar - glpi_suppliers_tickets" @ 2018-02-27 10:25:32 [@lincham]
0 segundo for "otimizar - glpi_suppliertypes" @ 2018-02-27 10:25:32 [@lincham]
0 segundo for "otimizar - glpi_taskcategories" @ 2018-02-27 10:25:32 [@lincham]
0 segundo for "otimizar - glpi_tasktemplates" @ 2018-02-27 10:25:32 [@lincham]
0 segundo for "otimizar - glpi_ticketcosts" @ 2018-02-27 10:25:32 [@lincham]
0 segundo for "otimizar - glpi_ticketfollowups" @ 2018-02-27 10:25:32 [@lincham]
0 segundo for "otimizar - glpi_ticketrecurrents" @ 2018-02-27 10:25:32 [@lincham]
0 segundo for "otimizar - glpi_tickets" @ 2018-02-27 10:25:32 [@lincham]
0 segundo for "otimizar - glpi_tickets_tickets" @ 2018-02-27 10:25:32 [@lincham]
0 segundo for "otimizar - glpi_tickets_users" @ 2018-02-27 10:25:32 [@lincham]
0 segundo for "otimizar - glpi_ticketsatisfactions" @ 2018-02-27 10:25:32 [@lincham]
0 segundo for "otimizar - glpi_tickettasks" @ 2018-02-27 10:25:32 [@lincham]
0 segundo for "otimizar - glpi_tickettemplatehiddenfields" @ 2018-02-27 10:25:32 [@lincham]
0 segundo for "otimizar - glpi_tickettemplatemandatoryfields" @ 2018-02-27 10:25:32 [@lincham]
0 segundo for "otimizar - glpi_tickettemplatepredefinedfields" @ 2018-02-27 10:25:32 [@lincham]
0 segundo for "otimizar - glpi_tickettemplates" @ 2018-02-27 10:25:32 [@lincham]
0 segundo for "otimizar - glpi_ticketvalidations" @ 2018-02-27 10:25:32 [@lincham]
0 segundo for "otimizar - glpi_transfers" @ 2018-02-27 10:25:32 [@lincham]
0 segundo for "otimizar - glpi_usercategories" @ 2018-02-27 10:25:32 [@lincham]
0 segundo for "otimizar - glpi_useremails" @ 2018-02-27 10:25:32 [@lincham]
0 segundo for "otimizar - glpi_users" @ 2018-02-27 10:25:32 [@lincham]
0 segundo for "otimizar - glpi_usertitles" @ 2018-02-27 10:25:32 [@lincham]
0 segundo for "otimizar - glpi_virtualmachinestates" @ 2018-02-27 10:25:32 [@lincham]
0 segundo for "otimizar - glpi_virtualmachinesystems" @ 2018-02-27 10:25:32 [@lincham]
0 segundo for "otimizar - glpi_virtualmachinetypes" @ 2018-02-27 10:25:32 [@lincham]
0 segundo for "otimizar - glpi_vlans" @ 2018-02-27 10:25:32 [@lincham]
0 segundo for "otimizar - glpi_wifinetworks" @ 