2018-02-27 10:02:03 [@lincham]
Interno #1: Executar createinquest
2018-02-27 10:25:57 [@lincham]
Interno #1: Executar certificate
2018-02-27 10:26:16 [@lincham]
Interno #1: Executar telemetry
2018-02-27 10:26:26 [@lincham]
Interno #1: Executar createinquest
2018-02-27 10:28:05 [@lincham]
Interno #1: Executar watcher
2018-02-27 10:30:22 [@lincham]
Interno #1: Executar queuednotificationclean
2018-02-27 10:33:05 [2@lincham]
Interno #1: Executar contract
2018-02-27 10:33:15 [@lincham]
Interno #1: Executar infocom
2018-02-27 10:38:15 [@lincham]
Interno #1: Executar mailgateerror
2018-02-27 10:38:16 [@lincham]
Interno #1: Executar session
2018-02-27 11:10:12 [2@lincham]
Interno #1: Executar closeticket
2018-02-27 11:10:16 [@lincham]
Interno #1: Executar alertnotclosed
2018-02-27 11:10:33 [@lincham]
Interno #1: Executar slaticket
2018-02-27 11:10:37 [@lincham]
Interno #1: Executar planningrecall
2018-02-27 11:11:30 [@lincham]
Interno #1: Executar mailgate
2018-02-27 11:11:31 [@lincham]
Interno #1: Executar queuednotification
2018-02-27 11:11:31 [@lincham]
Interno #1: Executar ticketrecurrent
2018-02-27 11:11:51 [@lincham]
Interno #1: Executar graph
2018-02-27 11:11:52 [@lincham]
Interno #1: Executar reservation
2018-02-27 11:11:52 [@lincham]
Interno #1: Executar temp
2018-02-27 11:12:25 [@lincham]
Interno #1: Executar optimize
2018-02-27 11:12:29 [@lincham]
Interno #1: Executar queuednotification
2018-02-27 11:12:30 [@lincham]
Interno #1: Nada a ser executado
2018-02-27 11:12:35 [@lincham]
Interno #1: Nada a ser executado
2018-02-27 11:12:35 [@lincham]
Interno #1: Nada a ser executado
2018-02-27 11:14:14 [@lincham]
Interno #1: Executar queuednotification
2018-02-27 11:15:18 [@lincham]
Interno #1: Executar slaticket
2018-02-27 11:18:34 [@lincham]
Interno #1: Executar planningrecall
2018-02-27 11:19:44 [@lincham]
Interno #1: Executar queuednotification
2018-02-27 11:20:16 [@lincham]
Interno #1: Executar slaticket
2018-02-27 11:21:20 [@lincham]
Interno #1: Executar queuednotification
2018-02-27 11:21:23 [@lincham]
Interno #1: Executar mailgate
2018-02-27 11:21:24 [@lincham]
Interno #1: Nada a ser executado
2018-02-27 11:21:25 [@lincham]
Interno #1: Nada a ser executado
2018-02-27 11:21:26 [@lincham]
Interno #1: Nada a ser executado
2018-02-27 11:22:41 [@lincham]
Interno #1: Executar queuednotification
2018-02-27 11:22:51 [@lincham]
Interno #1: Nada a ser executado
2018-02-27 11:22:51 [@lincham]
Interno #1: Nada a ser executado
2018-02-27 11:26:24 [@lincham]
Interno #1: Executar planningrecall
2018-02-27 11:26:26 [@lincham]
Interno #1: Executar queuednotification
2018-02-27 11:26:33 [@lincham]
Interno #1: Executar slaticket
2018-02-27 11:26:33 [@lincham]
Interno #1: Nada a ser executado
2018-02-27 11:26:35 [@lincham]
Interno #1: Nada a ser executado
2018-02-27 11:26:35 [@lincham]
Interno #1: Nada a ser executado
2018-02-27 11:26:36 [@lincham]
Interno #1: Nada a ser executado
2018-02-27 11:26:36 [@lincham]
Interno #1: Nada a ser executado
2018-02-27 11:26:38 [@lincham]
Interno #1: Nada a ser executado
2018-02-27 11:26:39 [@lincham]
Interno #1: Nada a ser executado
2018-02-27 11:26:39 [@lincham]
Interno #1: Nada a ser executado
2018-02-27 11:26:40 [@lincham]
Interno #1: Nada a ser executado
2018-02-27 11:26:58 [@lincham]
Interno #1: Nada a ser executado
2018-02-27 11:27:01 [@lincham]
Interno #1: Executar queuednotification
2018-02-27 11:27:02 [@lincham]
Interno #1: Nada a ser executado
2018-02-27 11:27:03 [@lincham]
Interno #1: Nada a ser executado
2018-02-27 11:27:04 [@lincham]
Interno #1: Nada a ser executado
2018-02-27 11:27:04 [@lincham]
Interno #1: Nada a ser executado
2018-02-27 11:27:05 [@lincham]
Interno #1: Nada a ser executado
2018-02-27 11:27:06 [@lincham]
Interno #1: Nada a ser executado
2018-02-27 11:27:09 [@lincham]
Interno #1: Nada a ser executado
2018-02-27 11:27:13 [@lincham]
Interno #1: Nada a ser executado
2018-02-27 11:27:13 [@lincham]
Interno #1: Nada a ser executado
2018-02-27 11:27:14 [@lincham]
Interno #1: Nada a ser executado
2018-02-27 11:27:15 [@lincham]
Interno #1: Nada a ser executado
2018-02-27 11:27:39 [@lincham]
Interno #1: Nada a ser executado
2018-02-27 11:27:43 [@lincham]
Interno #1: Nada a ser executado
2018-02-27 11:27:44 [@lincham]
Interno #1: Nada a ser executado
2018-02-27 11:28:59 [@lincham]
Interno #1: Executar queuednotification
2018-02-27 11:29:50 [@lincham]
Interno #1: Executar queuednotification
2018-02-27 11:29:55 [@lincham]
Interno #1: Nada a ser executado
2018-02-27 11:32:01 [@lincham]
Interno #1: Executar queuednotification
2018-02-27 11:36:56 [@lincham]
Interno #1: Executar mailgate
2018-02-27 11:37:01 [@lincham]
Interno #1: Executar slaticket
2018-02-27 11:37:37 [@lincham]
Interno #1: Executar planningrecall
2018-02-27 11:38:18 [@lincham]
Interno #1: Executar queuednotification
2018-02-27 11:45:01 [2@lincham]
Interno #1: Executar queuednotification
2018-02-27 11:53:48 [2@lincham]
Interno #1: Executar slaticket
2018-02-27 11:53:53 [@lincham]
Interno #1: Executar planningrecall
2018-02-27 11:54:10 [@lincham]
Interno #1: Executar mailgate
2018-02-27 11:55:51 [@lincham]
Interno #1: Executar queuednotification
2018-02-27 11:56:23 [@lincham]
Interno #1: Executar queuednotification
2018-02-27 11:56:31 [2@lincham]
Interno #1: Nada a ser executado
2018-02-27 12:01:54 [@lincham]
Interno #1: Executar queuednotification
2018-02-27 12:02:59 [@lincham]
Interno #1: Executar slaticket
2018-02-27 12:03:21 [@lincham]
Interno #1: Executar planningrecall
2018-02-27 12:06:09 [@lincham]
Interno #1: Executar queuednotification
2018-02-27 12:10:45 [@lincham]
Interno #1: Executar mailgate
2018-02-27 12:11:59 [@lincham]
Interno #1: Executar slaticket
2018-02-27 12:17:10 [6@lincham]
Interno #1: Executar queuednotification
2018-02-27 12:17:30 [2@lincham]
Interno #1: Executar planningrecall
2018-02-27 12:18:36 [@lincham]
Interno #1: Executar graph
2018-02-27 12:18:48 [@lincham]
Interno #1: Executar reservation
2018-02-27 12:20:20 [@lincham]
Interno #1: Executar ticketrecurrent
2018-02-27 12:28:11 [6@lincham]
Interno #1: Executar temp
2018-02-27 12:30:53 [@lincham]
Interno #1: Executar slaticket
2018-02-27 12:31:00 [@lincham]
Interno #1: Executar queuednotification
2018-02-27 12:31:09 [@lincham]
Interno #1: Executar mailgate
2018-02-27 12:34:51 [@lincham]
Interno #1: Executar planningrecall
2018-02-27 12:36:20 [6@lincham]
Interno #1: Executar queuednotification
2018-02-27 12:39:26 [@lincham]
Interno #1: Executar slaticket
2018-02-27 12:43:17 [3@lincham]
Interno #1: Executar queuednotification
2018-02-27 12:45:40 [6@lincham]
Interno #1: Executar planningrecall
2018-02-27 12:50:18 [@lincham]
Interno #1: Executar mailgate
2018-02-27 12:50:51 [6@lincham]
Interno #1: Executar slaticket
2018-02-27 12:51:08 [@lincham]
Interno #1: Executar queuednotification
2018-02-27 12:56:31 [2@lincham]
Interno #1: Executar planningrecall
2018-02-27 13:03:22 [7@lincham]
Interno #1: Executar queuednotification
2018-02-27 13:04:12 [2@lincham]
Interno #1: Executar slaticket
2018-02-27 13:06:15 [@lincham]
Interno #1: Executar mailgate
2018-02-27 13:13:12 [2@lincham]
Interno #1: Executar planningrecall
2018-02-27 13:17:28 [8@lincham]
Interno #1: Executar queuednotification
2018-02-27 13:22:33 [2@lincham]
Interno #1: Executar slaticket
2018-02-27 13:23:22 [@lincham]
Interno #1: Executar mailgate
2018-02-27 13:23:34 [@lincham]
Interno #1: Executar graph
2018-02-27 13:23:44 [@lincham]
Interno #1: Executar reservation
2018-02-27 13:23:52 [@lincham]
Interno #1: Executar planningrecall
2018-02-27 13:25:49 [8@lincham]
Interno #1: Executar queuednotification
2018-02-27 13:27:36 [2@lincham]
Interno #1: Executar ticketrecurrent
2018-02-27 13:29:30 [@lincham]
Interno #1: Executar queuednotification
2018-02-27 13:32:38 [6@lincham]
Interno #1: Executar slaticket
2018-02-27 13:33:56 [2@lincham]
Interno #1: Executar planningrecall
2018-02-27 13:36:40 [@lincham]
Interno #1: Executar temp
2018-02-27 13:39:29 [2@lincham]
Interno #1: Executar queuednotification
2018-02-27 13:47:58 [2@lincham]
Interno #1: Executar mailgate
2018-02-27 13:48:15 [7@lincham]
Interno #1: Executar slaticket
2018-02-27 13:48:27 [@lincham]
Interno #1: Executar planningrecall
2018-02-27 13:48:37 [@lincham]
Interno #1: Executar queuednotification
2018-02-27 13:48:47 [@lincham]
Interno #1: Nada a ser executado
2018-02-27 13:56:51 [2@lincham]
Interno #1: Executar queuednotification
2018-02-27 15:31:47 [@lincham]
Interno #1: Executar slaticket
2018-02-27 17:01:46 [2@lincham]
Interno #1: Executar planningrecall
2018-02-27 17:02:24 [@lincham]
Interno #1: Executar mailgate
2018-02-27 17:18:12 [@lincham]
Interno #1: Executar queuednotification
2018-02-27 17:24:31 [2@lincham]
Interno #1: Executar graph
2018-02-27 17:25:09 [@lincham]
Interno #1: Executar reservation
2018-02-27 17:25:19 [@lincham]
Interno #1: Executar ticketrecurrent
2018-02-27 17:26:17 [@lincham]
Interno #1: Executar temp
2018-02-27 17:27:43 [@lincham]
Interno #1: Executar slaticket
2018-02-27 17:27:50 [@lincham]
Interno #1: Executar planningrecall
2018-02-27 17:30:16 [@lincham]
Interno #1: Executar mailgate
2018-02-27 17:35:53 [@lincham]
Interno #1: Executar queuednotification
2018-02-27 17:37:22 [@lincham]
Interno #1: Executar slaticket
2018-02-27 17:40:34 [@lincham]
Interno #1: Executar planningrecall
2018-02-27 17:42:26 [@lincham]
Interno #1: Executar queuednotification
2018-02-27 17:43:13 [@lincham]
Interno #1: Executar mailgate
2018-02-27 17:44:10 [@lincham]
Interno #1: Executar slaticket
2018-02-27 17:45:25 [@lincham]
Interno #1: Executar queuednotification
2018-02-27 17:46:28 [@lincham]
Interno #1: Executar planningrecall
2018-02-27 18:07:01 [@lincham]
Interno #1: Executar queuednotification
2018-02-27 18:11:30 [@lincham]
Interno #1: Executar slaticket
2018-02-27 18:12:43 [@lincham]
Interno #1: Executar planningrecall
2018-02-27 18:38:18 [@lincham]
Interno #1: Executar mailgate
2018-02-27 18:40:39 [@lincham]
Interno #1: Executar queuednotification
2018-02-27 18:41:54 [@lincham]
Interno #1: Executar slaticket
2018-02-27 18:43:34 [@lincham]
Interno #1: Executar planningrecall
2018-02-28 07:44:08 [2@lincham]
Interno #1: Executar graph
2018-02-28 07:48:16 [@lincham]
Interno #1: Executar reservation
2018-02-28 07:49:09 [2@lincham]
Interno #1: Executar ticketrecurrent
2018-02-28 07:50:50 [@lincham]
Interno #1: Executar temp
2018-02-28 07:51:39 [@lincham]
Interno #1: Executar queuednotification
2018-02-28 07:54:12 [@lincham]
Interno #1: Executar slaticket
2018-02-28 07:54:28 [@lincham]
Interno #1: Executar mailgate
2018-02-28 07:55:23 [2@lincham]
Interno #1: Executar planningrecall
2018-02-28 07:58:57 [@lincham]
Interno #1: Executar closeticket
2018-02-28 08:04:14 [2@lincham]
Interno #1: Executar alertnotclosed
2018-02-28 08:09:43 [2@lincham]
Interno #1: Executar queuednotification
2018-02-28 08:10:10 [@lincham]
Interno #1: Executar slaticket
2018-02-28 08:10:24 [@lincham]
Interno #1: Executar planningrecall
2018-02-28 08:10:37 [@lincham]
Interno #1: Executar mailgate
2018-02-28 08:11:17 [@lincham]
Interno #1: Executar queuednotification
2018-02-28 08:11:50 [@lincham]
Interno #1: Nada a ser executado
2018-02-28 08:12:01 [@lincham]
Interno #1: Executar queuednotification
2018-02-28 08:15:35 [2@lincham]
Interno #1: Executar queuednotification
2018-02-28 08:16:57 [6@lincham]
Interno #1: Executar slaticket
2018-02-28 08:21:30 [2@lincham]
Interno #1: Executar planningrecall
2018-02-28 08:22:53 [@lincham]
Interno #1: Executar queuednotification
2018-02-28 08:29:09 [2@lincham]
Interno #1: Executar mailgate
2018-02-28 08:34:23 [2@lincham]
Interno #1: Executar slaticket
2018-02-28 08:42:24 [2@lincham]
Interno #1: Executar queuednotification
2018-02-28 08:52:46 [@lincham]
Interno #1: Executar planningrecall
2018-02-28 08:52:48 [2@lincham]
Interno #1: Executar mailgate
2018-02-28 09:07:45 [2@lincham]
Interno #1: Executar slaticket
2018-02-28 09:12:16 [@lincham]
Interno #1: Executar queuednotification
2018-02-28 09:12:54 [@lincham]
Interno #1: Executar graph
2018-02-28 09:13:44 [2@lincham]
Interno #1: Executar reservation
2018-02-28 09:19:38 [2@lincham]
Interno #1: Executar ticketrecurrent
2018-02-28 09:22:03 [6@lincham]
Interno #1: Executar temp
2018-02-28 09:25:06 [@lincham]
Interno #1: Executar planningrecall
2018-02-28 09:25:22 [2@lincham]
Interno #1: Executar mailgate
2018-02-28 09:28:35 [@lincham]
Interno #1: Executar slaticket
2018-02-28 09:28:58 [@lincham]
Interno #1: Executar queuednotification
2018-02-28 09:30:07 [@lincham]
Interno #1: Executar queuednotification
2018-02-28 09:33:15 [2@lincham]
Interno #1: Executar planningrecall
2018-02-28 09:34:08 [6@lincham]
Interno #1: Executar queuednotification
2018-02-28 09:34:30 [@lincham]
Interno #1: Executar slaticket
2018-02-28 09:35:22 [@lincham]
Interno #1: Executar mailgate
2018-02-28 09:36:40 [@lincham]
Interno #1: Executar queuednotification
2018-02-28 09:38:33 [2@lincham]
Interno #1: Executar queuednotification
2018-02-28 09:44:11 [2@lincham]
Interno #1: Executar planningrecall
2018-02-28 09:46:27 [@lincham]
Interno #1: Executar slaticket
2018-02-28 09:50:19 [@lincham]
Interno #1: Executar queuednotification
2018-02-28 09:51:23 [2@lincham]
Interno #1: Executar mailgate
2018-02-28 09:53:18 [@lincham]
Interno #1: Executar planningrecall
2018-02-28 09:53:41 [6@lincham]
Interno #1: Executar slaticket
2018-02-28 09:55:24 [@lincham]
Interno #1: Executar queuednotification
2018-02-28 09:56:29 [2@lincham]
Interno #1: Executar queuednotification
2018-02-28 09:56:37 [@lincham]
Interno #1: Nada a ser executado
2018-02-28 10:01:31 [2@lincham]
Interno #1: Executar queuednotification
2018-02-28 10:06:52 [2@lincham]
Interno #1: Executar slaticket
2018-02-28 10:06:55 [@lincham]
Interno #1: Executar planningrecall
2018-02-28 10:07:22 [@lincham]
Interno #1: Executar mailgate
2018-02-28 10:11:56 [2@lincham]
Interno #1: Executar queuednotification
2018-02-28 10:12:21 [@lincham]
Interno #1: Executar slaticket
2018-02-28 10:13:37 [@lincham]
Interno #1: Executar planningrecall
2018-02-28 10:14:28 [@lincham]
Interno #1: Executar graph
2018-02-28 10:16:57 [@lincham]
Interno #1: Executar queuednotification
2018-02-28 10:17:22 [2@lincham]
Interno #1: Executar reservation
2018-02-28 10:18:12 [@lincham]
Interno #1: Executar mailgate
2018-02-28 10:18:51 [@lincham]
Interno #1: Executar slaticket
2018-02-28 10:20:03 [@lincham]
Interno #1: Executar queuednotification
2018-02-28 10:22:24 [2@lincham]
Interno #1: Executar planningrecall
2018-02-28 10:23:38 [13@lincham]
Interno #1: Executar ticketrecurrent
2018-02-28 10:28:40 [2@lincham]
Interno #1: Executar queuednotification
2018-02-28 10:28:54 [@lincham]
Interno #1: Executar temp
2018-02-28 10:30:48 [@lincham]
Interno #1: Executar slaticket
2018-02-28 10:31:05 [@lincham]
Interno #1: Executar certificate
2018-02-28 10:32:23 [@lincham]
Interno #1: Executar createinquest
2018-02-28 10:33:43 [2@lincham]
Interno #1: Executar planningrecall
2018-02-28 10:41:03 [14@lincham]
Interno #1: Executar mailgate
2018-02-28 10:41:56 [2@lincham]
Interno #1: Executar watcher
2018-02-28 10:45:32 [@lincham]
Interno #1: Executar queuednotification
2018-02-28 10:46:06 [@lincham]
Interno #1: Executar queuednotificationclean
2018-02-28 10:46:53 [@lincham]
Interno #1: Executar contract
2018-02-28 10:48:12 [2@lincham]
Interno #1: Executar infocom
2018-02-28 10:48:16 [@lincham]
Interno #1: Executar slaticket
2018-02-28 10:50:26 [@lincham]
Interno #1: Executar session
2018-02-28 10:51:59 [@lincham]
Interno #1: Executar planningrecall
2018-02-28 10:55:51 [14@lincham]
Interno #1: Executar mailgateerror
2018-02-28 12:15:18 [2@lincham]
Interno #1: Executar queuednotification
2018-02-28 12:16:04 [4@lincham]
Interno #1: Executar mailgate
2018-02-28 12:20:32 [2@lincham]
Interno #1: Executar slaticket
2018-02-28 12:21:44 [4@lincham]
Interno #1: Executar planningrecall
2018-02-28 12:21:52 [14@lincham]
Interno #1: Executar graph
2018-02-28 12:25:13 [@lincham]
Interno #1: Executar reservation
2018-02-28 12:27:45 [2@lincham]
Interno #1: Executar ticketrecurrent
2018-02-28 12:32:25 [@lincham]
Interno #1: Executar temp
2018-02-28 12:35:22 [2@lincham]
Interno #1: Executar queuednotification
2018-02-28 12:35:27 [@lincham]
Interno #1: Executar slaticket
2018-02-28 12:36:54 [@lincham]
Interno #1: Executar mailgate
2018-02-28 12:40:39 [2@lincham]
Interno #1: Executar planningrecall
2018-02-28 12:45:21 [@lincham]
Interno #1: Executar queuednotification
2018-02-28 12:45:39 [2@lincham]
Interno #1: Executar slaticket
2018-02-28 12:46:01 [@lincham]
Interno #1: Executar planningrecall
2018-02-28 12:47:28 [@lincham]
Interno #1: Executar mailgate
2018-02-28 12:51:31 [2@lincham]
Interno #1: Executar queuednotification
2018-02-28 12:57:32 [2@lincham]
Interno #1: Executar slaticket
2018-02-28 13:12:49 [2@lincham]
Interno #1: Executar planningrecall
2018-02-28 13:17:56 [2@lincham]
Interno #1: Executar queuednotification
2018-02-28 13:18:15 [@lincham]
Interno #1: Executar mailgate
2018-02-28 13:19:51 [@lincham]
Interno #1: Executar slaticket
2018-02-28 13:23:01 [4@lincham]
Interno #1: Executar planningrecall
2018-02-28 13:27:02 [14@lincham]
Interno #1: Executar queuednotification
2018-02-28 13:27:29 [2@lincham]
Interno #1: Executar graph
2018-02-28 13:27:32 [@lincham]
Interno #1: Executar slaticket
2018-02-28 13:30:59 [@lincham]
Interno #1: Executar reservation
2018-02-28 13:33:11 [2@lincham]
Interno #1: Executar ticketrecurrent
2018-02-28 13:34:48 [@lincham]
Interno #1: Executar mailgate
2018-02-28 13:35:32 [@lincham]
Interno #1: Executar planningrecall
2018-02-28 13:42:29 [2@lincham]
Interno #1: Executar queuednotification
2018-02-28 13:51:15 [2@lincham]
Interno #1: Executar slaticket
2018-02-28 13:57:13 [2@lincham]
Interno #1: Executar temp
2018-02-28 13:58:02 [@lincham]
Interno #1: Executar planningrecall
2018-02-28 13:58:46 [@lincham]
Interno #1: Executar queuednotification
2018-02-28 16:22:22 [@lincham]
Interno #1: Executar mailgate
2018-02-28 16:22:55 [@lincham]
Interno #1: Executar slaticket
2018-02-28 16:23:31 [@lincham]
Interno #1: Executar queuednotification
2018-02-28 16:24:16 [@lincham]
Interno #1: Executar planningrecall
2018-03-01 07:48:33 [2@lincham]
Interno #1: Executar graph
2018-03-01 07:51:07 [@lincham]
Interno #1: Executar reservation
2018-03-01 07:57:25 [2@lincham]
Interno #1: Executar ticketrecurrent
2018-03-01 08:07:38 [2@lincham]
Interno #1: Executar temp
2018-03-01 08:50:08 [2@lincham]
Interno #1: Executar queuednotification
2018-03-01 09:03:34 [2@lincham]
Interno #1: Executar slaticket
2018-03-01 09:10:34 [2@lincham]
Interno #1: Executar planningrecall
2018-03-01 09:16:44 [@lincham]
Interno #1: Executar mailgate
2018-03-01 09:30:16 [2@lincham]
Interno #1: Executar closeticket
2018-03-01 09:34:54 [@lincham]
Interno #1: Executar alertnotclosed
2018-03-01 09:41:02 [14@lincham]
Interno #1: Executar graph
2018-03-01 09:47:49 [2@lincham]
Interno #1: Executar reservation
2018-03-01 10:02:41 [14@lincham]
Interno #1: Executar queuednotification
2018-03-01 10:07:44 [14@lincham]
Interno #1: Executar ticketrecurrent
2018-03-01 10:08:23 [2@lincham]
Interno #1: Executar temp
2018-03-01 10:09:44 [@lincham]
Interno #1: Executar slaticket
2018-03-01 10:10:29 [@lincham]
Interno #1: Executar planningrecall
2018-03-01 10:13:25 [2@lincham]
Interno #1: Executar mailgate
2018-03-01 10:18:27 [2@lincham]
Interno #1: Executar queuednotification
2018-03-01 10:26:41 [2@lincham]
Interno #1: Executar slaticket
2018-03-01 10:27:11 [@lincham]
Interno #1: Executar planningrecall
2018-03-01 10:28:49 [@lincham]
Interno #1: Executar queuednotification
2018-03-01 10:31:34 [@lincham]
Interno #1: Executar mailgate
2018-03-01 10:36:32 [@lincham]
Interno #1: Executar queuednotification
2018-03-01 10:38:11 [15@lincham]
Interno #1: Executar slaticket
2018-03-01 10:38:41 [2@lincham]
Interno #1: Executar certificate
2018-03-01 10:38:57 [@lincham]
Interno #1: Executar createinquest
2018-03-01 10:39:09 [@lincham]
Interno #1: Executar planningrecall
2018-03-01 10:43:49 [2@lincham]
Interno #1: Executar queuednotification
2018-03-01 10:44:39 [@lincham]
Interno #1: Executar mailgate
2018-03-01 10:45:11 [@lincham]
Interno #1: Executar graph
2018-03-01 10:48:31 [15@lincham]
Interno #1: Executar watcher
2018-03-01 10:50:00 [2@lincham]
Interno #1: Executar slaticket
2018-03-01 10:50:16 [13@lincham]
Interno #1: Executar planningrecall
2018-03-01 10:55:06 [2@lincham]
Interno #1: Executar queuednotification
2018-03-01 10:55:20 [13@lincham]
Interno #1: Executar contract
2018-03-01 10:55:50 [15@lincham]
Interno #1: Executar queuednotificationclean
2018-03-01 10:57:43 [@lincham]
Interno #1: Executar reservation
2018-03-01 10:58:04 [@lincham]
Interno #1: Executar infocom
2018-03-01 11:02:13 [@lincham]
Interno #1: Executar session
2018-03-01 11:03:04 [@lincham]
Interno #1: Executar mailgate
2018-03-01 11:05:00 [2@lincham]
Interno #1: Executar slaticket
2018-03-01 11:09:00 [@lincham]
Interno #1: Executar planningrecall
2018-03-01 11:10:26 [2@lincham]
Interno #1: Executar mailgateerror
2018-03-01 11:12:56 [@lincham]
Interno #1: Executar queuednotification
2018-03-01 11:13:59 [@lincham]
Interno #1: Executar ticketrecurrent
2018-03-01 11:14:23 [15@lincham]
Interno #1: Executar temp
2018-03-01 11:15:06 [@lincham]
Interno #1: Executar slaticket
2018-03-01 11:22:13 [13@lincham]
Interno #1: Executar mailgate
2018-03-01 11:23:35 [2@lincham]
Interno #1: Executar queuednotification
2018-03-01 11:23:42 [@lincham]
Interno #1: Executar planningrecall
2018-03-01 11:28:43 [2@lincham]
Interno #1: Executar slaticket
2018-03-01 11:29:05 [13@lincham]
Interno #1: Executar queuednotification
2018-03-01 11:29:09 [@lincham]
Interno #1: Executar planningrecall
2018-03-01 11:36:57 [@lincham]
Interno #1: Executar queuednotification
2018-03-01 11:37:55 [2@lincham]
Interno #1: Executar mailgate
2018-03-01 11:38:22 [@lincham]
Interno #1: Executar slaticket
2018-03-01 11:39:14 [@lincham]
Interno #1: Executar planningrecall
2018-03-01 11:39:53 [@lincham]
Interno #1: Executar queuednotification
2018-03-01 11:40:33 [@lincham]
Interno #1: Executar queuednotification
2018-03-01 11:43:32 [2@lincham]
Interno #1: Executar queuednotification
2018-03-01 11:44:32 [@lincham]
Interno #1: Executar slaticket
2018-03-01 12:08:33 [13@lincham]
Interno #1: Executar planningrecall
2018-03-01 12:13:21 [2@lincham]
Interno #1: Executar queuednotification
2018-03-01 12:14:09 [15@lincham]
Interno #1: Executar graph
2018-03-01 12:16:24 [13@lincham]
Interno #1: Executar mailgate
2018-03-01 12:42:44 [15@lincham]
Interno #1: Executar slaticket
2018-03-01 12:51:12 [15@lincham]
Interno #1: Executar reservation
2018-03-01 12:54:55 [2@lincham]
Interno #1: Executar ticketrecurrent
2018-03-01 13:00:38 [2@lincham]
Interno #1: Executar planningrecall
2018-03-01 13:09:18 [2@lincham]
Interno #1: Executar queuednotification
2018-03-01 13:14:34 [2@lincham]
Interno #1: Executar temp
2018-03-01 13:24:49 [15@lincham]
Interno #1: Executar mailgate
2018-03-01 13:26:17 [2@lincham]
Interno #1: Executar slaticket
2018-03-01 13:32:33 [13@lincham]
Interno #1: Executar planningrecall
2018-03-01 13:33:10 [@lincham]
Interno #1: Executar queuednotification
2018-03-01 13:34:25 [15@lincham]
Interno #1: Executar graph
2018-03-01 13:35:12 [2@lincham]
Interno #1: Executar slaticket
2018-03-01 13:35:30 [@lincham]
Interno #1: Executar mailgate
2018-03-01 13:36:17 [@lincham]
Interno #1: Executar queuednotification
2018-03-01 13:50:11 [15@lincham]
Interno #1: Executar planningrecall
2018-03-01 14:00:03 [13@lincham]
Interno #1: Executar queuednotification
2018-03-01 14:01:47 [15@lincham]
Interno #1: Executar slaticket
2018-03-01 14:30:51 [@lincham]
Interno #1: Executar mailgate
2018-03-02 07:50:45 [2@lincham]
Interno #1: Executar reservation
2018-03-02 07:51:12 [@lincham]
Interno #1: Executar ticketrecurrent
2018-03-02 07:55:19 [@lincham]
Interno #1: Executar planningrecall
2018-03-02 08:12:09 [13@lincham]
Interno #1: Executar queuednotification
2018-03-02 08:13:14 [2@lincham]
Interno #1: Executar slaticket
2018-03-02 08:18:17 [2@lincham]
Interno #1: Executar temp
2018-03-02 08:38:46 [13@lincham]
Interno #1: Executar graph
2018-03-02 08:52:13 [2@lincham]
Interno #1: Executar mailgate
2018-03-02 09:07:01 [2@lincham]
Interno #1: Executar closeticket
2018-03-02 09:12:04 [2@lincham]
Interno #1: Executar alertnotclosed
2018-03-02 10:51:44 [2@lincham]
Interno #1: Executar planningrecall
2018-03-02 10:58:02 [2@lincham]
Interno #1: Executar queuednotification
2018-03-02 11:03:14 [2@lincham]
Interno #1: Executar slaticket
2018-03-02 11:10:30 [2@lincham]
Interno #1: Executar reservation
2018-03-02 11:16:41 [2@lincham]
Interno #1: Executar ticketrecurrent
2018-03-02 11:17:35 [13@lincham]
Interno #1: Executar mailgate
2018-03-02 11:26:42 [13@lincham]
Interno #1: Executar temp
2018-03-02 11:32:17 [13@lincham]
Interno #1: Executar graph
2018-03-02 11:37:22 [13@lincham]
Interno #1: Executar createinquest
2018-03-02 11:37:38 [@lincham]
Interno #1: Executar certificate
2018-03-02 11:38:01 [@lincham]
Interno #1: Executar watcher
2018-03-02 11:38:44 [2@lincham]
Interno #1: Executar contract
2018-03-02 11:42:03 [@lincham]
Interno #1: Executar queuednotificationclean
2018-03-02 11:42:27 [@lincham]
Interno #1: Executar planningrecall
2018-03-02 11:44:00 [15@lincham]
Interno #1: Executar infocom
2018-03-02 12:08:22 [2@lincham]
Interno #1: Executar queuednotification
2018-03-02 12:18:18 [2@lincham]
Interno #1: Executar session
2018-03-02 12:24:43 [2@lincham]
Interno #1: Executar slaticket
2018-03-02 12:45:45 [2@lincham]
Interno #1: Executar mailgateerror
2018-03-02 12:50:51 [2@lincham]
Interno #1: Executar mailgate
2018-03-02 12:56:41 [2@lincham]
Interno #1: Executar planningrecall
2018-03-02 13:02:39 [2@lincham]
Interno #1: Executar queuednotification
2018-03-02 13:10:19 [2@lincham]
Interno #1: Executar reservation
2018-03-02 13:17:30 [2@lincham]
Interno #1: Executar ticketrecurrent
2018-03-02 13:37:47 [2@lincham]
Interno #1: Executar temp
2018-03-02 13:55:08 [2@lincham]
Interno #1: Executar slaticket
2018-03-02 14:02:47 [2@lincham]
Interno #1: Executar graph
2018-03-02 14:08:02 [2@lincham]
Interno #1: Executar mailgate
2018-03-05 07:58:25 [2@lincham]
Interno #1: Executar planningrecall
2018-03-05 08:03:26 [2@lincham]
Interno #1: Executar queuednotification
2018-03-05 08:11:23 [2@lincham]
Interno #1: Executar slaticket
2018-03-05 08:16:46 [2@lincham]
Interno #1: Executar reservation
2018-03-05 08:22:59 [2@lincham]
Interno #1: Executar ticketrecurrent
2018-03-05 08:28:26 [@lincham]
Interno #1: Executar mailgate
2018-03-05 08:29:16 [2@lincham]
Interno #1: Executar temp
2018-03-05 08:34:29 [2@lincham]
Interno #1: Executar graph
2018-03-05 08:38:08 [@lincham]
Interno #1: Executar closeticket
2018-03-05 08:40:35 [2@lincham]
Interno #1: Executar alertnotclosed
2018-03-05 08:43:46 [15@lincham]
Interno #1: Executar createinquest
2018-03-05 08:45:41 [2@lincham]
Interno #1: Executar certificate
2018-03-05 08:49:58 [@lincham]
Interno #1: Executar contract
2018-03-05 08:51:11 [@lincham]
Interno #1: Executar watcher
2018-03-05 08:52:04 [2@lincham]
Interno #1: Executar queuednotificationclean
2018-03-05 09:02:37 [2@lincham]
Interno #1: Executar infocom
2018-03-05 09:16:16 [2@lincham]
Interno #1: Executar session
2018-03-05 09:21:32 [2@lincham]
Interno #1: Executar mailgateerror
2018-03-05 09:28:50 [2@lincham]
Interno #1: Executar planningrecall
2018-03-05 09:34:38 [2@lincham]
Interno #1: Executar queuednotification
2018-03-05 09:56:41 [@lincham]
Interno #1: Executar slaticket
2018-03-05 10:01:59 [15@lincham]
Interno #1: Executar mailgate
2018-03-05 10:06:23 [2@lincham]
Interno #1: Executar reservation
2018-03-05 10:07:29 [15@lincham]
Interno #1: Executar ticketrecurrent
2018-03-05 10:18:45 [2@lincham]
Interno #1: Executar temp
2018-03-05 10:23:48 [2@lincham]
Interno #1: Executar planningrecall
2018-03-05 10:55:46 [2@lincham]
Interno #1: Executar graph
2018-03-05 11:01:59 [2@lincham]
Interno #1: Executar queuednotification
2018-03-05 11:30:27 [2@lincham]
Interno #1: Executar slaticket
2018-03-05 11:37:17 [2@lincham]
Interno #1: Executar mailgate
2018-03-05 11:45:33 [2@lincham]
Interno #1: Executar planningrecall
2018-03-05 12:14:42 [2@lincham]
Interno #1: Executar queuednotification
2018-03-05 12:20:01 [2@lincham]
Interno #1: Executar reservation
2018-03-05 12:27:58 [2@lincham]
Interno #1: Executar ticketrecurrent
2018-03-05 12:42:08 [2@lincham]
Interno #1: Executar temp
2018-03-05 12:47:56 [2@lincham]
Interno #1: Executar slaticket
2018-03-05 12:54:10 [2@lincham]
Interno #1: Executar mailgate
2018-03-05 13:00:18 [15@lincham]
Interno #1: Executar planningrecall
2018-03-05 13:07:56 [2@lincham]
Interno #1: Executar graph
2018-03-05 13:32:56 [2@lincham]
Interno #1: Executar queuednotification
2018-03-05 13:37:58 [2@lincham]
Interno #1: Executar slaticket
2018-03-05 13:45:14 [2@lincham]
Interno #1: Executar mailgate
2018-03-05 13:50:18 [2@lincham]
Interno #1: Executar planningrecall
2018-03-05 13:55:21 [2@lincham]
Interno #1: Executar reservation
2018-03-05 13:57:41 [@lincham]
Interno #1: Executar ticketrecurrent
2018-03-05 13:57:54 [@lincham]
Interno #1: Executar queuednotification
2018-03-05 13:58:04 [@lincham]
Interno #1: Executar slaticket
2018-03-05 14:00:12 [@lincham]
Interno #1: Executar temp
2018-03-05 14:00:25 [2@lincham]
Interno #1: Executar mailgate
2018-03-05 15:29:01 [@lincham]
Interno #1: Executar planningrecall
2018-03-05 15:29:13 [@lincham]
Interno #1: Executar queuednotification
2018-03-05 15:30:42 [@lincham]
Interno #1: Executar slaticket
2018-03-06 07:52:36 [2@lincham]
Interno #1: Executar graph
2018-03-06 07:53:07 [@lincham]
Interno #1: Executar mailgate
2018-03-06 07:57:40 [2@lincham]
Interno #1: Executar reservation
2018-03-06 08:02:46 [2@lincham]
Interno #1: Executar ticketrecurrent
2018-03-06 08:05:32 [16@lincham]
Interno #1: Executar temp
2018-03-06 08:09:12 [2@lincham]
Interno #1: Executar queuednotification
2018-03-06 08:14:00 [@lincham]
Interno #1: Executar planningrecall
2018-03-06 08:14:24 [2@lincham]
Interno #1: Executar slaticket
2018-03-06 08:19:36 [2@lincham]
Interno #1: Executar closeticket
2018-03-06 08:24:46 [2@lincham]
Interno #1: Executar alertnotclosed
2018-03-06 08:32:52 [2@lincham]
Interno #1: Executar mailgate
2018-03-06 08:38:08 [2@lincham]
Interno #1: Executar queuednotification
2018-03-06 08:38:34 [@lincham]
Interno #1: Executar slaticket
2018-03-06 08:42:54 [@lincham]
Interno #1: Executar planningrecall
2018-03-06 08:43:01 [@lincham]
Interno #1: Executar queuednotification
2018-03-06 08:43:27 [@lincham]
Interno #1: Executar mailgate
2018-03-06 08:52:50 [2@lincham]
Interno #1: Executar slaticket
2018-03-06 08:53:09 [27@lincham]
Interno #1: Executar createinquest
2018-03-06 08:53:13 [@lincham]
Interno #1: Executar queuednotification
2018-03-06 08:57:51 [2@lincham]
Interno #1: Executar certificate
2018-03-06 09:02:52 [2@lincham]
Interno #1: Executar planningrecall
2018-03-06 11:43:40 [@lincham]
Interno #1: Executar contract
2018-03-06 11:44:31 [2@lincham]
Interno #1: Executar watcher
2018-03-06 11:44:57 [@lincham]
Interno #1: Executar graph
2018-03-06 12:29:38 [@lincham]
Interno #1: Executar queuednotificationclean
2018-03-06 12:29:53 [@lincham]
Interno #1: Executar mailgate
2018-03-06 12:30:05 [@lincham]
Interno #1: Executar queuednotification
2018-03-06 12:30:31 [@lincham]
Interno #1: Executar reservation
2018-03-06 12:37:01 [21@lincham]
Interno #1: Executar slaticket
2018-03-06 12:37:04 [@lincham]
Interno #1: Executar infocom
2018-03-06 13:09:04 [@lincham]
Interno #1: Executar ticketrecurrent
2018-03-06 13:25:03 [@lincham]
Interno #1: Executar temp
2018-03-06 13:25:30 [@lincham]
Interno #1: Executar planningrecall
2018-03-06 13:26:16 [@lincham]
Interno #1: Executar session
2018-03-06 13:27:20 [@lincham]
Interno #1: Executar mailgateerror
2018-03-06 20:57:36 [@lincham]
Interno #1: Executar optimize
2018-03-06 21:01:08 [@lincham]
Interno #1: Executar queuednotification
2018-03-07 07:47:28 [2@lincham]
Interno #1: Executar mailgate
2018-03-07 08:10:20 [2@lincham]
Interno #1: Executar slaticket
2018-03-07 08:15:23 [2@lincham]
Interno #1: Executar graph
2018-03-07 08:26:19 [2@lincham]
Interno #1: Executar reservation
2018-03-07 08:42:39 [2@lincham]
Interno #1: Executar planningrecall
2018-03-07 08:50:29 [2@lincham]
Interno #1: Executar ticketrecurrent
2018-03-07 09:12:34 [2@lincham]
Interno #1: Executar temp
2018-03-07 09:18:28 [2@lincham]
Interno #1: Executar closeticket
2018-03-07 09:39:56 [2@lincham]
Interno #1: Executar alertnotclosed
2018-03-07 11:59:24 [@lincham]
Interno #1: Executar queuednotification
2018-03-07 12:11:24 [2@lincham]
Interno #1: Executar mailgate
2018-03-07 12:16:51 [2@lincham]
Interno #1: Executar slaticket
2018-03-07 12:21:56 [2@lincham]
Interno #1: Executar planningrecall
2018-03-07 12:27:02 [2@lincham]
Interno #1: Executar createinquest
2018-03-07 12:35:13 [2@lincham]
Interno #1: Executar certificate
2018-03-07 12:40:47 [2@lincham]
Interno #1: Executar graph
2018-03-07 12:46:00 [2@lincham]
Interno #1: Executar reservation
2018-03-07 12:51:04 [2@lincham]
Interno #1: Executar ticketrecurrent
2018-03-07 12:56:13 [2@lincham]
Interno #1: Executar temp
2018-03-07 13:01:30 [2@lincham]
Interno #1: Executar contract
2018-03-07 13:06:33 [2@lincham]
Interno #1: Executar watcher
2018-03-07 13:12:05 [2@lincham]
Interno #1: Executar queuednotification
2018-03-07 13:27:44 [2@lincham]
Interno #1: Executar mailgate
2018-03-07 13:32:47 [2@lincham]
Interno #1: Executar slaticket
2018-03-07 16:33:52 [@lincham]
Interno #1: Executar planningrecall
2018-03-07 18:28:06 [@lincham]
Interno #1: Executar queuednotificationclean
2018-03-07 18:29:12 [@lincham]
Interno #1: Executar infocom
2018-03-08 07:53:01 [@lincham]
Interno #1: Executar queuednotification
2018-03-08 07:58:36 [2@lincham]
Interno #1: Executar session
2018-03-08 08:10:25 [2@lincham]
Interno #1: Executar mailgateerror
2018-03-08 08:16:22 [2@lincham]
Interno #1: Executar mailgate
2018-03-08 08:22:16 [2@lincham]
Interno #1: Executar slaticket
2018-03-08 08:27:16 [2@lincham]
Interno #1: Executar graph
2018-03-08 08:32:48 [2@lincham]
Interno #1: Executar reservation
2018-03-08 08:37:52 [2@lincham]
Interno #1: Executar ticketrecurrent
2018-03-08 08:42:56 [2@lincham]
Interno #1: Executar temp
2018-03-08 08:54:57 [2@lincham]
Interno #1: Executar planningrecall
2018-03-09 07:50:54 [2@lincham]
Interno #1: Executar closeticket
2018-03-09 15:03:56 [@lincham]
Interno #1: Executar alertnotclosed
2018-03-12 11:33:10 [2@lincham]
Interno #1: Executar queuednotification
2018-03-12 11:49:10 [2@lincham]
Interno #1: Executar mailgate
2018-03-12 13:42:46 [2@lincham]
Interno #1: Executar slaticket
2018-03-12 13:50:01 [2@lincham]
Interno #1: Executar planningrecall
2018-03-12 13:50:22 [@lincham]
Interno #1: Executar graph
2018-03-12 18:17:43 [@lincham]
Interno #1: Executar reservation
2018-03-13 08:00:41 [2@lincham]
Interno #1: Executar ticketrecurrent
2018-03-13 08:02:48 [@lincham]
Interno #1: Executar temp
2018-03-13 08:10:21 [2@lincham]
Interno #1: Executar createinquest
2018-03-13 08:16:20 [2@lincham]
Interno #1: Executar certificate
2018-03-13 08:17:01 [@lincham]
Interno #1: Executar contract
2018-03-13 08:17:04 [@lincham]
Interno #1: Executar watcher
2018-03-13 08:17:50 [@lincham]
Interno #1: Executar queuednotificationclean
2018-03-13 08:22:16 [@lincham]
Interno #1: Executar infocom
2018-03-13 08:27:33 [2@lincham]
Interno #1: Executar session
2018-03-13 08:28:18 [@lincham]
Interno #1: Executar mailgateerror
2018-03-13 08:28:30 [@lincham]
Interno #1: Executar closeticket
2018-03-13 08:29:43 [@lincham]
Interno #1: Executar alertnotclosed
2018-03-13 08:32:46 [@lincham]
Interno #1: Executar queuednotification
2018-03-13 08:33:00 [@lincham]
Interno #1: Executar mailgate
2018-03-13 08:38:47 [2@lincham]
Interno #1: Executar slaticket
2018-03-13 09:59:31 [@lincham]
Interno #1: Executar planningrecall
2018-03-13 13:22:04 [@lincham]
Interno #1: Executar graph
2018-03-13 13:22:14 [@lincham]
Interno #1: Executar reservation
2018-03-13 13:26:45 [@lincham]
Interno #1: Executar queuednotification
2018-03-13 13:27:24 [@lincham]
Interno #1: Executar mailgate
2018-03-13 18:31:36 [2@lincham]
Interno #1: Executar slaticket
2018-03-13 18:31:39 [@lincham]
Interno #1: Executar ticketrecurrent
2018-03-13 18:31:56 [@lincham]
Interno #1: Executar temp
2018-03-14 08:09:55 [@lincham]
Interno #1: Executar planningrecall
2018-03-14 08:10:12 [@lincham]
Interno #1: Executar queuednotification
2018-03-14 08:12:58 [@lincham]
Interno #1: Executar mailgate
2018-03-14 08:13:12 [@lincham]
Interno #1: Executar graph
2018-03-14 08:13:25 [@lincham]
Interno #1: Executar reservation
2018-03-14 08:13:39 [@lincham]
Interno #1: Executar slaticket
2018-03-14 08:15:35 [@lincham]
Interno #1: Executar ticketrecurrent
2018-03-14 08:20:04 [@lincham]
Interno #1: Executar temp
2018-03-14 08:21:50 [@lincham]
Interno #1: Executar closeticket
2018-03-14 08:22:21 [2@lincham]
Interno #1: Executar alertnotclosed
2018-03-14 08:23:53 [@lincham]
Interno #1: Executar optimize
2018-03-14 08:27:34 [2@lincham]
Interno #1: Executar createinquest
2018-03-14 08:29:00 [@lincham]
Interno #1: Executar queuednotification
2018-03-14 08:29:30 [@lincham]
Interno #1: Executar planningrecall
2018-03-14 08:30:48 [@lincham]
Interno #1: Executar certificate
2018-03-14 08:31:07 [@lincham]
Interno #1: Executar contract
2018-03-14 08:31:17 [@lincham]
Interno #1: Executar watcher
2018-03-14 08:33:27 [@lincham]
Interno #1: Executar queuednotificationclean
2018-03-14 08:33:38 [@lincham]
Interno #1: Executar slaticket
2018-03-14 08:33:48 [@lincham]
Interno #1: Executar infocom
2018-03-14 08:33:59 [@lincham]
Interno #1: Executar mailgate
2018-03-14 08:34:36 [2@lincham]
Interno #1: Executar session
2018-03-14 08:36:24 [@lincham]
Interno #1: Executar mailgateerror
2018-03-14 08:39:22 [@lincham]
Interno #1: Executar queuednotification
2018-03-14 08:39:41 [2@lincham]
Interno #1: Executar planningrecall
2018-03-14 08:39:50 [@lincham]
Interno #1: Executar slaticket
2018-03-14 08:41:34 [@lincham]
Interno #1: Executar queuednotification
2018-03-14 08:44:47 [2@lincham]
Interno #1: Executar queuednotification
2018-03-14 08:47:17 [@lincham]
Interno #1: Executar mailgate
2018-03-14 08:48:14 [@lincham]
Interno #1: Executar slaticket
2018-03-14 08:49:58 [2@lincham]
Interno #1: Executar planningrecall
2018-03-14 08:51:35 [@lincham]
Interno #1: Executar queuednotification
2018-03-14 08:54:14 [@lincham]
Interno #1: Executar queuednotification
2018-03-14 08:54:24 [@lincham]
Interno #1: Executar slaticket
2018-03-14 08:56:40 [2@lincham]
Interno #1: Executar planningrecall
2018-03-14 08:59:43 [@lincham]
Interno #1: Executar queuednotification
2018-03-14 09:03:46 [2@lincham]
Interno #1: Executar mailgate
2018-03-14 09:04:31 [@lincham]
Interno #1: Executar slaticket
2018-03-14 09:05:15 [@lincham]
Interno #1: Executar queuednotification
2018-03-14 09:06:32 [@lincham]
Interno #1: Executar planningrecall
2018-03-14 09:07:55 [@lincham]
Interno #1: Executar queuednotification
2018-03-14 09:09:47 [2@lincham]
Interno #1: Executar queuednotification
2018-03-14 09:10:09 [@lincham]
Interno #1: Executar slaticket
2018-03-14 09:10:50 [@lincham]
Interno #1: Executar queuednotification
2018-03-14 09:11:17 [@lincham]
Interno #1: Executar planningrecall
2018-03-14 09:14:12 [@lincham]
Interno #1: Executar queuednotification
2018-03-14 09:14:24 [@lincham]
Interno #1: Executar mailgate
2018-03-14 09:14:48 [2@lincham]
Interno #1: Executar graph
2018-03-14 09:15:09 [@lincham]
Interno #1: Executar reservation
2018-03-14 09:18:04 [@lincham]
Interno #1: Executar slaticket
2018-03-14 09:19:07 [@lincham]
Interno #1: Executar ticketrecurrent
2018-03-14 09:19:39 [@lincham]
Interno #1: Executar queuednotification
2018-03-14 09:20:06 [2@lincham]
Interno #1: Executar planningrecall
2018-03-14 09:20:16 [@lincham]
Interno #1: Executar queuednotification
2018-03-14 09:20:27 [@lincham]
Interno #1: Executar temp
2018-03-14 09:21:02 [@lincham]
Interno #1: Executar queuednotification
2018-03-14 09:21:24 [@lincham]
Interno #1: Executar CleanOldThreads
2018-03-14 09:23:02 [@lincham]
Interno #1: Executar queuednotification
2018-03-14 09:23:33 [@lincham]
Interno #1: Executar slaticket
2018-03-14 09:23:47 [@lincham]
Interno #1: Executar ocsng
2018-03-14 09:25:07 [@lincham]
Interno #1: Executar mailgate
2018-03-14 09:25:23 [2@lincham]
Interno #1: Executar queuednotification
2018-03-14 09:27:41 [@lincham]
Interno #1: Executar planningrecall
2018-03-14 09:27:54 [@lincham]
Interno #1: Executar queuednotification
2018-03-14 09:28:05 [@lincham]
Interno #1: Executar slaticket
2018-03-14 09:28:45 [@lincham]
Interno #1: Executar queuednotification
2018-03-14 09:30:30 [2@lincham]
Interno #1: Executar queuednotification
2018-03-14 09:36:43 [2@lincham]
Interno #1: Executar queuednotification
2018-03-14 09:38:40 [66@lincham]
Interno #1: Executar planningrecall
2018-03-14 10:04:57 [66@lincham]
Interno #1: Executar slaticket
2018-03-14 10:10:46 [66@lincham]
Interno #1: Executar mailgate
2018-03-14 10:24:11 [66@lincham]
Interno #1: Executar queuednotification
2018-03-15 09:16:55 [@lincham]
Interno #1: Executar planningrecall
2018-03-15 09:17:04 [@lincham]
Interno #1: Executar slaticket
2018-03-15 09:17:08 [@lincham]
Interno #1: Executar graph
2018-03-15 09:17:15 [@lincham]
Interno #1: Executar reservation
2018-03-15 09:18:07 [@lincham]
Interno #1: Executar ticketrecurrent
2018-03-15 09:18:19 [@lincham]
Interno #1: Executar mailgate
2018-03-15 09:18:49 [@lincham]
Interno #1: Executar temp
2018-03-15 15:40:30 [@lincham]
Interno #1: Executar queuednotification
2018-03-19 15:00:42 [@lincham]
Interno #1: Executar closeticket
2018-03-20 08:08:41 [@lincham]
Interno #1: Executar alertnotclosed
2018-03-20 08:08:45 [@lincham]
Interno #1: Executar createinquest
2018-03-20 08:08:47 [@lincham]
Interno #1: Executar certificate
2018-03-20 08:09:15 [@lincham]
Interno #1: Executar contract
2018-03-20 08:09:17 [@lincham]
Interno #1: Executar watcher
2018-03-20 08:09:18 [@lincham]
Interno #1: Executar infocom
2018-03-20 08:09:19 [@lincham]
Interno #1: Executar queuednotificationclean
2018-03-20 08:09:20 [@lincham]
Interno #1: Executar session
2018-03-20 08:09:20 [@lincham]
Interno #1: Executar mailgateerror
2018-03-20 08:09:20 [@lincham]
Interno #1: Executar planningrecall
2018-03-20 08:09:20 [@lincham]
Interno #1: Executar slaticket
2018-03-20 08:09:24 [@lincham]
Interno #1: Executar mailgate
2018-03-20 08:09:42 [@lincham]
Interno #1: Executar graph
2018-03-20 08:09:44 [@lincham]
Interno #1: Executar reservation
2018-03-20 08:09:44 [@lincham]
Interno #1: Executar ticketrecurrent
2018-03-20 08:09:44 [@lincham]
Interno #1: Executar temp
2018-03-20 08:10:15 [@lincham]
Interno #1: Executar queuednotification
2018-03-20 08:10:19 [@lincham]
Interno #1: Executar closeticket
2018-03-20 08:10:30 [@lincham]
Interno #1: Executar SendAlerts
2018-03-20 08:11:16 [@lincham]
Interno #1: Executar queuednotification
2018-03-20 08:14:38 [@lincham]
Interno #1: Executar queuednotification
2018-03-20 08:14:52 [@lincham]
Interno #1: Executar slaticket
2018-03-20 08:16:28 [@lincham]
Interno #1: Executar planningrecall
2018-03-20 08:17:40 [@lincham]
Interno #1: Executar queuednotification
2018-03-20 08:18:05 [@lincham]
Interno #1: Executar queuednotification
2018-03-20 08:23:19 [@lincham]
Interno #1: Executar mailgate
2018-03-20 08:31:15 [@lincham]
Interno #1: Executar slaticket
2018-03-20 08:31:24 [@lincham]
Interno #1: Executar queuednotification
2018-03-20 08:31:43 [@lincham]
Interno #1: Executar planningrecall
2018-03-20 09:47:56 [@lincham]
Interno #1: Executar queuednotification
2018-03-20 10:21:26 [@lincham]
Interno #1: Executar mailgate
2018-03-20 10:25:26 [@lincham]
Interno #1: Executar slaticket
2018-03-20 10:26:58 [@lincham]
Interno #1: Executar planningrecall
2018-03-20 10:27:01 [@lincham]
Interno #1: Executar graph
2018-03-20 10:29:20 [@lincham]
Interno #1: Executar reservation
2018-03-20 10:30:40 [2@lincham]
Interno #1: Executar ticketrecurrent
2018-03-20 10:34:11 [@lincham]
Interno #1: Executar temp
2018-03-20 10:37:00 [27@lincham]
Interno #1: Executar queuednotification
2018-03-20 10:37:11 [@lincham]
Interno #1: Executar slaticket
2018-03-20 10:37:38 [@lincham]
Interno #1: Executar mailgate
2018-03-20 10:40:48 [2@lincham]
Interno #1: Executar planningrecall
2018-04-03 12:45:21 [@lincham]
Interno #1: Executar queuednotification
2018-04-04 19:52:15 [@lincham]
Interno #1: Executar slaticket
2018-04-04 19:53:46 [@lincham]
Interno #1: Executar planningrecall
2018-04-25 10:32:40 [@lincham]
Interno #1: Executar mailgate
2018-05-07 09:01:50 [@lincham]
Interno #1: Executar graph
2018-05-07 09:54:50 [@lincham]
Interno #1: Executar reservation
2018-05-07 13:33:06 [@lincham]
Interno #1: Executar ticketrecurrent
2018-05-07 13:33:44 [@lincham]
Interno #1: Executar temp
2018-05-07 13:34:21 [@lincham]
Interno #1: Executar alertnotclosed
2018-05-07 13:34:35 [@lincham]
Interno #1: Executar closeticket
2018-05-07 13:35:02 [@lincham]
Interno #1: Executar createinquest
2018-05-07 13:35:24 [@lincham]
Interno #1: Executar certificate
2018-05-07 13:35:42 [@lincham]
Interno #1: Executar contract
2018-05-07 13:37:51 [@lincham]
Interno #1: Executar infocom
2018-05-07 13:38:00 [@lincham]
Interno #1: Executar session
2018-05-07 13:38:09 [@lincham]
Interno #1: Executar watcher
2018-05-07 13:38:25 [@lincham]
Interno #1: Executar queuednotificationclean
2018-05-07 13:38:49 [@lincham]
Interno #1: Executar mailgateerror
2018-05-07 13:39:00 [@lincham]
Interno #1: Executar optimize
2018-05-07 13:40:47 [@lincham]
Interno #1: Executar telemetry
2018-05-07 13:40:59 [@lincham]
Interno #1: Executar queuednotification
2018-05-07 13:41:10 [@lincham]
Interno #1: Executar slaticket
2018-05-07 13:41:31 [@lincham]
Interno #1: Executar planningrecall
2018-05-07 13:41:39 [@lincham]
Interno #1: Executar mailgate
2018-05-07 13:44:15 [@lincham]
Interno #1: Executar graph
2018-05-07 13:52:21 [2@lincham]
Interno #1: Executar reservation
2018-05-07 13:57:24 [2@lincham]
Interno #1: Executar queuednotification
2018-05-07 13:59:10 [@lincham]
Interno #1: Executar slaticket
2018-05-08 07:43:31 [2@lincham]
Interno #1: Executar planningrecall
2018-05-08 08:08:23 [2@lincham]
Interno #1: Executar mailgate
2018-05-08 08:08:55 [@lincham]
Interno #1: Executar queuednotification
2018-05-08 08:10:30 [@lincham]
Interno #1: Executar slaticket
2018-05-08 08:11:17 [@lincham]
Interno #1: Executar ticketrecurrent
2018-05-08 08:29:55 [2@lincham]
Interno #1: Executar temp
2018-05-08 09:07:35 [2@lincham]
Interno #1: Executar graph
2018-05-08 09:27:47 [2@lincham]
Interno #1: Executar reservation
2018-05-08 09:31:41 [@lincham]
Interno #1: Executar closeticket
2018-05-08 10:39:14 [@lincham]
Interno #1: Executar alertnotclosed
2018-05-08 10:42:58 [@lincham]
Interno #1: Executar planningrecall
2018-05-08 10:43:22 [2@lincham]
Interno #1: Executar queuednotification
2018-05-08 11:11:16 [25@lincham]
Interno #1: Executar slaticket
2018-05-08 11:11:18 [@lincham]
Interno #1: Executar mailgate
2018-05-08 11:11:44 [@lincham]
Interno #1: Executar ticketrecurrent
2018-05-08 11:11:56 [@lincham]
Interno #1: Executar temp
2018-05-08 11:13:08 [2@lincham]
Interno #1: Executar graph
2018-05-08 11:13:14 [@lincham]
Interno #1: Executar reservation
2018-05-08 11:14:52 [@lincham]
Interno #1: Executar queuednotification
2018-05-08 11:17:12 [@lincham]
Interno #1: Executar planningrecall
2018-05-08 11:18:40 [2@lincham]
Interno #1: Executar queuednotification
2018-05-08 11:21:27 [25@lincham]
Interno #1: Executar slaticket
2018-05-08 11:23:53 [2@lincham]
Interno #1: Executar queuednotification
2018-05-08 11:24:18 [@lincham]
Interno #1: Executar mailgate
2018-05-08 11:24:30 [@lincham]
Interno #1: Executar planningrecall
2018-05-08 11:25:22 [@lincham]
Interno #1: Executar queuednotification
2018-05-08 11:28:59 [27@lincham]
Interno #1: Executar slaticket
2018-05-08 11:30:18 [2@lincham]
Interno #1: Executar queuednotification
2018-05-08 11:30:52 [@lincham]
Interno #1: Executar planningrecall
2018-05-08 11:46:11 [25@lincham]
Interno #1: Executar queuednotification
2018-05-08 12:55:44 [25@lincham]
Interno #1: Executar slaticket
2018-05-08 12:56:20 [2@lincham]
Interno #1: Executar mailgate
2018-05-08 12:56:39 [39@lincham]
Interno #1: Executar planningrecall
2018-05-08 13:11:32 [25@lincham]
Interno #1: Executar queuednotification
2018-05-08 13:12:03 [2@lincham]
Interno #1: Executar ticketrecurrent
2018-05-08 13:15:02 [@lincham]
Interno #1: Executar temp
2018-05-10 07:42:55 [@lincham]
Interno #1: Executar graph
2018-05-10 07:43:34 [@lincham]
Interno #1: Executar reservation
2018-05-10 07:43:52 [@lincham]
Interno #1: Executar slaticket
2018-05-10 07:44:14 [@lincham]
Interno #1: Executar planningrecall
2018-05-10 07:48:18 [25@lincham]
Interno #1: Executar mailgate
2018-05-10 07:54:42 [27@lincham]
Interno #1: Executar queuednotification
2018-05-10 07:55:11 [68@lincham]
Interno #1: Executar contract
2018-05-10 07:56:08 [25@lincham]
Interno #1: Executar createinquest
2018-05-10 08:11:50 [25@lincham]
Interno #1: Executar certificate
2018-05-10 08:13:39 [27@lincham]
Interno #1: Executar infocom
2018-05-14 10:22:12 [@lincham]
Interno #1: Executar session
2018-05-22 07:48:52 [@lincham]
Interno #1: Executar watcher
2018-05-24 09:12:38 [@lincham]
Interno #1: Executar queuednotificationclean
2018-06-11 13:34:36 [@LIN-GLI]
Interno #1: Executar mailgateerror
2018-06-11 13:36:53 [@LIN-GLI]
Interno #1: Executar ticketrecurrent
2018-06-11 13:36:53 [@LIN-GLI]
Interno #1: Executar temp
2018-06-12 15:29:08 [@osti-wspv]
Interno #1: Executar closeticket
2018-06-12 15:29:34 [@osti-wspv]
Interno #1: Executar alertnotclosed
2018-06-12 15:41:14 [@osti-wspv]
Interno #1: Executar slaticket
2018-06-12 15:41:24 [@osti-wspv]
Interno #1: Executar planningrecall
2018-06-12 16:02:08 [@osti-wspv]
Interno #1: Executar queuednotification
2018-06-14 15:39:24 [@osti-wspv]
Interno #1: Executar mailgate
2018-06-19 00:47:26 [@osti-wspv]
Interno #1: Executar graph
2018-06-19 00:52:10 [@osti-wspv]
Interno #1: Executar reservation
2018-06-19 14:20:59 [@osti-wspv]
Interno #1: Executar contract
2018-06-19 14:40:13 [@osti-wspv]
Interno #1: Executar createinquest
2018-06-19 14:52:19 [@osti-wspv]
Interno #1: Executar certificate
2018-06-19 14:52:20 [@osti-wspv]
Interno #1: Executar infocom
2018-06-20 16:03:57 [@osti-wspv]
Interno #1: Executar optimize
2018-06-20 16:04:10 [@osti-wspv]
Interno #1: Executar session
2018-06-20 16:04:20 [@osti-wspv]
Interno #1: Executar watcher
2018-06-20 16:04:27 [@osti-wspv]
Interno #1: Executar queuednotificationclean
2018-06-20 22:14:20 [@osti-wspv]
Interno #1: Executar telemetry
2018-06-20 22:14:27 [@osti-wspv]
Interno #1: Executar ticketrecurrent
2018-06-21 12:23:46 [@osti-wspv]
Interno #1: Executar temp
2018-06-24 15:44:46 [@osti-wspv]
Interno #1: Executar mailgateerror
2018-06-27 18:39:24 [@osti-wspv]
Interno #1: Executar slaticket
2018-06-27 21:44:43 [@osti-wspv]
Interno #1: Executar planningrecall
2018-07-03 13:42:06 [@osti-wspv]
Interno #1: Executar queuednotification
2018-07-03 13:44:16 [@osti-wspv]
Interno #1: Executar closeticket
2018-07-03 13:58:56 [@osti-wspv]
Interno #1: Executar alertnotclosed
2018-07-03 14:00:04 [@osti-wspv]
Interno #1: Executar mailgate
2018-07-03 14:00:40 [@osti-wspv]
Interno #1: Executar graph
2018-07-03 14:06:05 [96@osti-wspv]
Interno #1: Executar reservation
2018-07-03 14:11:28 [96@osti-wspv]
Interno #1: Executar contract
2018-07-03 14:11:34 [@osti-wspv]
Interno #1: Executar createinquest
2018-07-03 14:12:14 [@osti-wspv]
Interno #1: Executar infocom
2018-07-03 14:12:50 [@osti-wspv]
Interno #1: Executar certificate
2018-07-03 14:17:32 [@osti-wspv]
Interno #1: Executar ticketrecurrent
2018-07-03 14:17:41 [@osti-wspv]
Interno #1: Executar temp
2018-07-03 14:30:07 [@osti-wspv]
Interno #1: Executar session
2018-07-03 14:48:39 [@osti-wspv]
Interno #1: Executar watcher
2018-07-03 14:52:42 [96@osti-wspv]
Interno #1: Executar queuednotificationclean
2018-07-03 15:41:36 [@osti-wspv]
Interno #1: Executar mailgateerror
2018-07-03 15:41:51 [@osti-wspv]
Interno #1: Executar optimize
2018-07-03 15:41:59 [@osti-wspv]
Interno #1: Executar slaticket
2018-07-03 15:42:08 [@osti-wspv]
Interno #1: Executar planningrecall
2018-07-03 16:02:07 [2@osti-wspv]
Interno #1: Executar queuednotification
2018-07-03 16:50:37 [@osti-wspv]
Interno #1: Executar mailgate
2018-07-03 16:51:36 [@osti-wspv]
Interno #1: Executar graph
2018-07-03 17:40:39 [@osti-wspv]
Interno #1: Executar reservation
2018-07-03 17:41:13 [@osti-wspv]
Interno #1: Executar ticketrecurrent
2018-07-03 17:42:05 [@osti-wspv]
Interno #1: Executar temp
2018-07-03 17:42:50 [@osti-wspv]
Interno #1: Executar slaticket
2018-07-04 11:20:00 [25@osti-wspv]
Interno #1: Executar planningrecall
2018-07-04 11:20:03 [@osti-wspv]
Interno #1: Executar queuednotification
2018-07-04 11:20:15 [@osti-wspv]
Interno #1: Executar mailgate
2018-07-04 11:20:32 [@osti-wspv]
Interno #1: Executar slaticket
2018-07-04 11:20:45 [@osti-wspv]
Interno #1: Executar graph
2018-07-04 11:20:51 [@osti-wspv]
Interno #1: Executar reservation
2018-07-04 11:22:49 [@osti-wspv]
Interno #1: Executar ticketrecurrent
2018-07-04 13:39:23 [2@osti-wspv]
Interno #1: Executar temp
2018-07-04 15:35:48 [2@osti-wspv]
Interno #1: Executar closeticket
2018-07-04 15:35:49 [99@osti-wspv]
Interno #1: Executar alertnotclosed
2018-07-04 15:35:57 [@osti-wspv]
Interno #1: Executar queuednotification
2018-07-04 15:54:27 [2@osti-wspv]
Interno #1: Executar slaticket
2018-07-04 16:12:27 [@osti-wspv]
Interno #1: Executar planningrecall
2018-07-04 16:12:47 [@osti-wspv]
Interno #1: Executar mailgate
2018-07-04 16:14:22 [2@osti-wspv]
Interno #1: Executar graph
2018-07-06 14:08:20 [@osti-wspv]
Interno #1: Executar reservation
2018-07-06 14:09:34 [@osti-wspv]
Interno #1: Executar ticketrecurrent
2018-07-06 14:18:42 [@osti-wspv]
Interno #1: Executar contract
2018-07-06 16:04:50 [@osti-wspv]
Interno #1: Executar createinquest
2018-07-06 16:06:01 [@osti-wspv]
Interno #1: Executar infocom
2018-07-06 16:08:29 [@osti-wspv]
Interno #1: Executar certificate
2018-07-06 16:15:16 [61@osti-wspv]
Interno #1: Executar session
2018-07-06 16:16:13 [@osti-wspv]
Interno #1: Executar temp
2018-07-06 16:17:01 [@osti-wspv]
Interno #1: Executar watcher
2018-07-10 14:26:03 [@osti-wspv]
Interno #1: Executar queuednotificationclean
2018-07-10 14:26:54 [@osti-wspv]
Interno #1: Executar queuednotification
2018-07-10 14:41:03 [@osti-wspv]
Interno #1: Executar mailgateerror
2018-07-10 16:18:40 [@osti-wspv]
Interno #1: Executar slaticket
2018-07-10 16:18:59 [@osti-wspv]
Interno #1: Executar planningrecall
2018-07-10 16:19:08 [@osti-wspv]
Interno #1: Executar mailgate
2018-07-10 16:19:25 [@osti-wspv]
Interno #1: Executar graph
2018-07-10 16:19:41 [@osti-wspv]
Interno #1: Executar closeticket
2018-07-10 16:33:36 [@osti-wspv]
Interno #1: Executar alertnotclosed
2018-07-12 14:35:14 [@osti-wspv]
Interno #1: Executar reservation
2018-07-12 14:35:38 [@osti-wspv]
Interno #1: Executar ticketrecurrent
2018-07-12 14:40:19 [@osti-wspv]
Interno #1: Executar temp
2018-07-18 18:57:19 [@osti-wspv]
Interno #1: Executar contract
2018-07-19 18:10:30 [@osti-wspv]
Interno #1: Executar createinquest
2018-08-08 19:25:10 [@osti-wspv]
Interno #1: Executar infocom
2018-08-08 19:25:37 [@osti-wspv]
Interno #1: Executar certificate
2018-08-08 19:25:40 [@osti-wspv]
Interno #1: Executar session
2018-08-08 19:26:58 [96@osti-wspv]
Interno #1: Executar watcher
2018-08-09 12:07:37 [@osti-wspv]
Interno #1: Executar queuednotification
2018-08-27 10:51:19 [@osti-wspv]
Interno #1: Executar ticketrecurrent
2018-08-27 11:35:07 [2@osti-wspv]
Interno #1: Executar temp
2018-08-27 16:02:35 [2@osti-wspv]
Interno #1: Executar contract
2018-08-27 16:09:06 [2@osti-wspv]
Interno #1: Executar createinquest
2018-08-27 16:28:17 [2@osti-wspv]
Interno #1: Executar telemetry
2018-08-27 16:35:10 [2@osti-wspv]
Interno #1: Executar queuednotification
2018-08-27 16:40:17 [2@osti-wspv]
Interno #1: Executar infocom
2018-08-28 10:57:13 [2@osti-wspv]
Interno #1: Executar session
2018-08-28 11:02:20 [2@osti-wspv]
Interno #1: Executar certificate
2018-08-28 11:20:52 [2@osti-wspv]
Interno #1: Executar watcher
2018-08-28 11:58:27 [2@osti-wspv]
Interno #1: Executar slaticket
2018-08-28 12:03:49 [2@osti-wspv]
Interno #1: Executar planningrecall
2018-08-28 12:12:27 [2@osti-wspv]
Interno #1: Executar mailgate
2018-08-28 12:18:51 [2@osti-wspv]
Interno #1: Executar graph
2018-08-28 12:24:11 [2@osti-wspv]
Interno #1: Executar reservation
2018-08-28 12:30:13 [2@osti-wspv]
Interno #1: Executar closeticket
2018-08-28 12:35:35 [2@osti-wspv]
Interno #1: Executar alertnotclosed
2018-08-28 12:41:12 [2@osti-wspv]
Interno #1: Executar queuednotificationclean
2018-08-28 12:46:14 [2@osti-wspv]
Interno #1: Executar mailgateerror
2018-08-28 12:51:43 [2@osti-wspv]
Interno #1: Executar optimize
2018-08-28 12:56:54 [2@osti-wspv]
Interno #1: Executar ticketrecurrent
2018-08-28 13:01:41 [@osti-wspv]
Interno #1: Executar temp
2018-08-28 13:07:00 [2@osti-wspv]
Interno #1: Executar queuednotification
2018-08-28 13:12:03 [2@osti-wspv]
Interno #1: Executar slaticket
2018-08-28 13:16:13 [@osti-wspv]
Interno #1: Executar planningrecall
2018-08-28 13:16:25 [@osti-wspv]
Interno #1: Executar mailgate
2018-08-28 13:17:10 [2@osti-wspv]
Interno #1: Executar queuednotification
2018-08-28 13:19:07 [@osti-wspv]
Interno #1: Executar slaticket
2018-08-28 13:25:52 [@osti-wspv]
Interno #1: Executar graph
2018-08-28 13:26:44 [2@osti-wspv]
Interno #1: Executar queuednotification
2018-08-28 13:41:30 [2@osti-wspv]
Interno #1: Executar planningrecall
2018-08-28 13:52:46 [2@osti-wspv]
Interno #1: Executar reservation
2018-08-28 13:55:52 [371@osti-wspv]
Interno #1: Executar slaticket
2018-08-28 13:55:54 [@osti-wspv]
Interno #1: Executar mailgate
2018-08-28 13:56:52 [@osti-wspv]
Interno #1: Executar queuednotification
2018-08-28 13:57:00 [@osti-wspv]
Interno #1: Executar planningrecall
2018-08-28 13:57:50 [2@osti-wspv]
Interno #1: Executar ticketrecurrent
2018-08-28 13:58:54 [@osti-wspv]
Interno #1: Executar queuednotification
2018-08-28 14:02:01 [@osti-wspv]
Interno #1: Executar queuednotification
