2018-02-28 13:13:08 [2@lincham]
0 segundo for "Installing glpi_plugin_fields_fields" @ 2018-02-28 13:13:08 [2@lincham]
0 segundo for "Updating glpi_plugin_fields_fields" @ 2018-02-28 13:13:08 [2@lincham]
0 segundo for "Tarefa concluída." @ 2018-02-28 13:13:08 [2@lincham]
0 segundo for "Atualizando arquivos que foram baixados" @ 2018-02-28 13:13:08 [2@lincham]
0 segundo for "Installing glpi_plugin_fields_labeltranslations" @ 2018-02-28 13:13:08 [2@lincham]
0 segundo for "Updating glpi_plugin_fields_labeltranslations" @ 2018-02-28 13:13:08 [2@lincham]
0 segundo for "Tarefa concluída." @ 2018-02-28 13:13:08 [2@lincham]
0 segundo for "Installing glpi_plugin_fields_containers" @ 2018-02-28 13:13:08 [2@lincham]
0 segundo for "Atualizando arquivos de contêineres gerados" @ 2018-03-02 08:14:10 [2@lincham]
0 segundo for "Installing glpi_plugin_fields_fields" @ 2018-03-02 08:14:10 [2@lincham]
0 segundo for "Updating glpi_plugin_fields_fields" @ 2018-03-02 08:14:10 [2@lincham]
0 segundo for "Tarefa concluída." @ 2018-03-02 08:14:10 [2@lincham]
0 segundo for "Atualizando arquivos que foram baixados" @ 2018-03-02 08:14:10 [2@lincham]
0 segundo for "Installing glpi_plugin_fields_labeltranslations" @ 2018-03-02 08:14:10 [2@lincham]
0 segundo for "Updating glpi_plugin_fields_labeltranslations" @ 2018-03-02 08:14:10 [2@lincham]
0 segundo for "Tarefa concluída." @ 2018-03-02 08:14:59 [2@lincham]
0 segundo for "Updating glpi_plugin_fields_fields" @ 2018-03-02 08:14:59 [2@lincham]
0 segundo for "Tarefa concluída." @ 2018-03-02 08:14:59 [2@lincham]
0 segundo for "Atualizando arquivos que foram baixados" @ 2018-03-02 08:14:59 [2@lincham]
0 segundo for "Updating glpi_plugin_fields_labeltranslations" @ 2018-03-02 08:14:59 [2@lincham]
0 segundo for "Tarefa concluída." @ 2018-03-02 08:14:59 [2@lincham]
0 segundo for "Installing glpi_plugin_fields_containers" @ 2018-03-02 08:14:59 [2@lincham]
0 segundo for "Atualizando arquivos de contêineres gerados" @ 2018-03-02 08:15:47 [2@lincham]
0 segundo for "Installing glpi_plugin_fields_fields" @ 2018-03-02 08:15:47 [2@lincham]
0 segundo for "Updating glpi_plugin_fields_fields" @ 2018-03-02 08:15:47 [2@lincham]
0 segundo for "Tarefa concluída." @ 2018-03-02 08:15:47 [2@lincham]
0 segundo for "Atualizando arquivos que foram baixados" @ 2018-03-02 08:15:47 [2@lincham]
0 segundo for "Installing glpi_plugin_fields_labeltranslations" @ 2018-03-02 08:15:47 [2@lincham]
0 segundo for "Updating glpi_plugin_fields_labeltranslations" @ 2018-03-02 08:15:47 [2@lincham]
0 segundo for "Tarefa concluída." @ 2018-03-02 08:16:43 [2@lincham]
0 segundo for "Updating glpi_plugin_fields_fields" @ 2018-03-02 08:16:43 [2@lincham]
0 segundo for "Tarefa concluída." @ 2018-03-02 08:16:43 [2@lincham]
0 segundo for "Atualizando arquivos que foram baixados" @ 2018-03-02 08:16:43 [2@lincham]
0 segundo for "Updating glpi_plugin_fields_labeltranslations" @ 2018-03-02 08:16:43 [2@lincham]
0 segundo for "Tarefa concluída." @ 2018-03-02 08:18:18 [2@lincham]
0 segundo for "Updating glpi_plugin_fields_fields" @ 2018-03-02 08:18:18 [2@lincham]
0 segundo for "Tarefa concluída." @ 2018-03-02 08:18:18 [2@lincham]
0 segundo for "Atualizando arquivos que foram baixados" @ 2018-03-02 08:18:18 [2@lincham]
0 segundo for "Updating glpi_plugin_fields_labeltranslations" @ 2018-03-02 08:18:18 [2@lincham]
0 segundo for "Tarefa concluída." @ 2018-03-02 08:18:18 [2@lincham]
0 segundo for "Installing glpi_plugin_fields_containers" @ 2018-03-02 08:18:18 [2@lincham]
0 segundo for "Atualizando arquivos de contêineres gerados" @ 